INFO:root: [2019-10-20 14:03:05.099971] Started
DEBUG:peewee:('SELECT table_name FROM information_schema.tables WHERE table_schema = DATABASE() AND table_type != %s ORDER BY table_name', ('VIEW',))
DEBUG:peewee:('DROP TABLE IF EXISTS `nonpersoncharacter`', [])
DEBUG:peewee:('SELECT table_name FROM information_schema.tables WHERE table_schema = DATABASE() AND table_type != %s ORDER BY table_name', ('VIEW',))
DEBUG:peewee:('DROP TABLE IF EXISTS `itemsingame`', [])
DEBUG:peewee:('SELECT table_name FROM information_schema.tables WHERE table_schema = DATABASE() AND table_type != %s ORDER BY table_name', ('VIEW',))
DEBUG:peewee:('DROP TABLE IF EXISTS `enemy`', [])
DEBUG:peewee:('SELECT table_name FROM information_schema.tables WHERE table_schema = DATABASE() AND table_type != %s ORDER BY table_name', ('VIEW',))
DEBUG:peewee:('DROP TABLE IF EXISTS `character`', [])
DEBUG:peewee:('SELECT table_name FROM information_schema.tables WHERE table_schema = DATABASE() AND table_type != %s ORDER BY table_name', ('VIEW',))
DEBUG:peewee:('DROP TABLE IF EXISTS `user`', [])
DEBUG:peewee:('SELECT table_name FROM information_schema.tables WHERE table_schema = DATABASE() AND table_type != %s ORDER BY table_name', ('VIEW',))
DEBUG:peewee:('DROP TABLE IF EXISTS `blueprints`', [])
DEBUG:peewee:('SELECT table_name FROM information_schema.tables WHERE table_schema = DATABASE() AND table_type != %s ORDER BY table_name', ('VIEW',))
DEBUG:peewee:('CREATE TABLE IF NOT EXISTS `blueprints` (`bp_id` INTEGER AUTO_INCREMENT NOT NULL PRIMARY KEY, `type` INTEGER NOT NULL, `health` INTEGER NOT NULL, `strength` INTEGER NOT NULL, `reflex` INTEGER NOT NULL, `charisma` INTEGER NOT NULL, `intelligence` INTEGER NOT NULL, `will` INTEGER NOT NULL, `armor` INTEGER NOT NULL, `min_dmg` INTEGER NOT NULL, `max_dmg` INTEGER NOT NULL, `image_path` VARCHAR(1024) NOT NULL)', [])
DEBUG:peewee:('SELECT table_name FROM information_schema.tables WHERE table_schema = DATABASE() AND table_type != %s ORDER BY table_name', ('VIEW',))
DEBUG:peewee:('CREATE TABLE IF NOT EXISTS `user` (`user_id` INTEGER AUTO_INCREMENT NOT NULL PRIMARY KEY, `username` VARCHAR(255) NOT NULL, `password` VARCHAR(255) NOT NULL, `create_date` DATETIME NOT NULL)', [])
DEBUG:peewee:('CREATE UNIQUE INDEX `user_username` ON `user` (`username`)', [])
DEBUG:peewee:('SELECT table_name FROM information_schema.tables WHERE table_schema = DATABASE() AND table_type != %s ORDER BY table_name', ('VIEW',))
DEBUG:peewee:('CREATE TABLE IF NOT EXISTS `character` (`char_id` INTEGER AUTO_INCREMENT NOT NULL PRIMARY KEY, `char_name` VARCHAR(35) NOT NULL, `base_health` INTEGER NOT NULL, `base_strength` INTEGER NOT NULL, `base_reflex` INTEGER NOT NULL, `base_charisma` INTEGER NOT NULL, `base_intelligence` INTEGER NOT NULL, `base_will` INTEGER NOT NULL, `user_id` INTEGER NOT NULL, `image_path` VARCHAR(1024) NOT NULL, FOREIGN KEY (`user_id`) REFERENCES `user` (`user_id`))', [])
DEBUG:peewee:('CREATE UNIQUE INDEX `character_char_name` ON `character` (`char_name`)', [])
DEBUG:peewee:('CREATE INDEX `character_user_id` ON `character` (`user_id`)', [])
DEBUG:peewee:('SELECT table_name FROM information_schema.tables WHERE table_schema = DATABASE() AND table_type != %s ORDER BY table_name', ('VIEW',))
DEBUG:peewee:('CREATE TABLE IF NOT EXISTS `enemy` (`enemy_id` INTEGER AUTO_INCREMENT NOT NULL PRIMARY KEY, `name` VARCHAR(50) NOT NULL, `rarity` INTEGER NOT NULL, `health` INTEGER NOT NULL, `strength` INTEGER NOT NULL, `reflex` INTEGER NOT NULL, `charisma` INTEGER NOT NULL, `intelligence` INTEGER NOT NULL, `will` INTEGER NOT NULL, `armor` INTEGER NOT NULL, `min_dmg` INTEGER NOT NULL, `max_dmg` INTEGER NOT NULL, `image_path` VARCHAR(1024) NOT NULL)', [])
DEBUG:peewee:('SELECT table_name FROM information_schema.tables WHERE table_schema = DATABASE() AND table_type != %s ORDER BY table_name', ('VIEW',))
DEBUG:peewee:('CREATE TABLE IF NOT EXISTS `itemsingame` (`iig_id` INTEGER AUTO_INCREMENT NOT NULL PRIMARY KEY, `item_slot` INTEGER NOT NULL, `item_name` VARCHAR(45) NOT NULL, `equipped` BOOL NOT NULL, `blueprint_id` INTEGER NOT NULL, `character_id` INTEGER NOT NULL, FOREIGN KEY (`blueprint_id`) REFERENCES `blueprints` (`bp_id`), FOREIGN KEY (`character_id`) REFERENCES `character` (`char_id`))', [])
DEBUG:peewee:('CREATE INDEX `itemsingame_blueprint_id` ON `itemsingame` (`blueprint_id`)', [])
DEBUG:peewee:('CREATE INDEX `itemsingame_character_id` ON `itemsingame` (`character_id`)', [])
DEBUG:peewee:('SELECT table_name FROM information_schema.tables WHERE table_schema = DATABASE() AND table_type != %s ORDER BY table_name', ('VIEW',))
DEBUG:peewee:('CREATE TABLE IF NOT EXISTS `nonpersoncharacter` (`npc_id` INTEGER AUTO_INCREMENT NOT NULL PRIMARY KEY, `name` VARCHAR(50) NOT NULL, `healer` BOOL NOT NULL, `trader` BOOL NOT NULL, `text1` TEXT NOT NULL, `text2` TEXT NOT NULL, `text3` TEXT NOT NULL)', [])
INFO:root: [2019-10-20 14:03:05.154663] Finished
INFO:root: [2019-10-20 14:03:41.558553] Started
DEBUG:peewee:('SELECT table_name FROM information_schema.tables WHERE table_schema = DATABASE() AND table_type != %s ORDER BY table_name', ('VIEW',))
DEBUG:peewee:('DROP TABLE IF EXISTS `nonpersoncharacter`', [])
DEBUG:peewee:('SELECT table_name FROM information_schema.tables WHERE table_schema = DATABASE() AND table_type != %s ORDER BY table_name', ('VIEW',))
DEBUG:peewee:('DROP TABLE IF EXISTS `itemsingame`', [])
DEBUG:peewee:('SELECT table_name FROM information_schema.tables WHERE table_schema = DATABASE() AND table_type != %s ORDER BY table_name', ('VIEW',))
DEBUG:peewee:('DROP TABLE IF EXISTS `enemy`', [])
DEBUG:peewee:('SELECT table_name FROM information_schema.tables WHERE table_schema = DATABASE() AND table_type != %s ORDER BY table_name', ('VIEW',))
DEBUG:peewee:('DROP TABLE IF EXISTS `character`', [])
DEBUG:peewee:('SELECT table_name FROM information_schema.tables WHERE table_schema = DATABASE() AND table_type != %s ORDER BY table_name', ('VIEW',))
DEBUG:peewee:('DROP TABLE IF EXISTS `user`', [])
DEBUG:peewee:('SELECT table_name FROM information_schema.tables WHERE table_schema = DATABASE() AND table_type != %s ORDER BY table_name', ('VIEW',))
DEBUG:peewee:('DROP TABLE IF EXISTS `blueprints`', [])
DEBUG:peewee:('SELECT table_name FROM information_schema.tables WHERE table_schema = DATABASE() AND table_type != %s ORDER BY table_name', ('VIEW',))
DEBUG:peewee:('CREATE TABLE IF NOT EXISTS `blueprints` (`bp_id` INTEGER AUTO_INCREMENT NOT NULL PRIMARY KEY, `type` INTEGER NOT NULL, `health` INTEGER NOT NULL, `strength` INTEGER NOT NULL, `reflex` INTEGER NOT NULL, `charisma` INTEGER NOT NULL, `intelligence` INTEGER NOT NULL, `will` INTEGER NOT NULL, `armor` INTEGER NOT NULL, `min_dmg` INTEGER NOT NULL, `max_dmg` INTEGER NOT NULL, `image_path` VARCHAR(1024) NOT NULL)', [])
DEBUG:peewee:('SELECT table_name FROM information_schema.tables WHERE table_schema = DATABASE() AND table_type != %s ORDER BY table_name', ('VIEW',))
DEBUG:peewee:('CREATE TABLE IF NOT EXISTS `user` (`user_id` INTEGER AUTO_INCREMENT NOT NULL PRIMARY KEY, `username` VARCHAR(255) NOT NULL, `password` VARCHAR(255) NOT NULL, `create_date` DATETIME NOT NULL)', [])
DEBUG:peewee:('CREATE UNIQUE INDEX `user_username` ON `user` (`username`)', [])
DEBUG:peewee:('SELECT table_name FROM information_schema.tables WHERE table_schema = DATABASE() AND table_type != %s ORDER BY table_name', ('VIEW',))
DEBUG:peewee:('CREATE TABLE IF NOT EXISTS `character` (`char_id` INTEGER AUTO_INCREMENT NOT NULL PRIMARY KEY, `char_name` VARCHAR(35) NOT NULL, `base_health` INTEGER NOT NULL, `base_strength` INTEGER NOT NULL, `base_reflex` INTEGER NOT NULL, `base_charisma` INTEGER NOT NULL, `base_intelligence` INTEGER NOT NULL, `base_will` INTEGER NOT NULL, `user_id` INTEGER NOT NULL, `image_path` VARCHAR(1024) NOT NULL, FOREIGN KEY (`user_id`) REFERENCES `user` (`user_id`))', [])
DEBUG:peewee:('CREATE UNIQUE INDEX `character_char_name` ON `character` (`char_name`)', [])
DEBUG:peewee:('CREATE INDEX `character_user_id` ON `character` (`user_id`)', [])
DEBUG:peewee:('SELECT table_name FROM information_schema.tables WHERE table_schema = DATABASE() AND table_type != %s ORDER BY table_name', ('VIEW',))
DEBUG:peewee:('CREATE TABLE IF NOT EXISTS `enemy` (`enemy_id` INTEGER AUTO_INCREMENT NOT NULL PRIMARY KEY, `name` VARCHAR(50) NOT NULL, `rarity` INTEGER NOT NULL, `health` INTEGER NOT NULL, `strength` INTEGER NOT NULL, `reflex` INTEGER NOT NULL, `charisma` INTEGER NOT NULL, `intelligence` INTEGER NOT NULL, `will` INTEGER NOT NULL, `armor` INTEGER NOT NULL, `min_dmg` INTEGER NOT NULL, `max_dmg` INTEGER NOT NULL, `image_path` VARCHAR(1024) NOT NULL)', [])
DEBUG:peewee:('SELECT table_name FROM information_schema.tables WHERE table_schema = DATABASE() AND table_type != %s ORDER BY table_name', ('VIEW',))
DEBUG:peewee:('CREATE TABLE IF NOT EXISTS `itemsingame` (`iig_id` INTEGER AUTO_INCREMENT NOT NULL PRIMARY KEY, `item_slot` INTEGER NOT NULL, `item_name` VARCHAR(45) NOT NULL, `equipped` BOOL NOT NULL, `blueprint_id` INTEGER NOT NULL, `character_id` INTEGER NOT NULL, FOREIGN KEY (`blueprint_id`) REFERENCES `blueprints` (`bp_id`), FOREIGN KEY (`character_id`) REFERENCES `character` (`char_id`))', [])
DEBUG:peewee:('CREATE INDEX `itemsingame_blueprint_id` ON `itemsingame` (`blueprint_id`)', [])
DEBUG:peewee:('CREATE INDEX `itemsingame_character_id` ON `itemsingame` (`character_id`)', [])
DEBUG:peewee:('SELECT table_name FROM information_schema.tables WHERE table_schema = DATABASE() AND table_type != %s ORDER BY table_name', ('VIEW',))
DEBUG:peewee:('CREATE TABLE IF NOT EXISTS `nonpersoncharacter` (`npc_id` INTEGER AUTO_INCREMENT NOT NULL PRIMARY KEY, `name` VARCHAR(50) NOT NULL, `healer` BOOL NOT NULL, `trader` BOOL NOT NULL, `text1` TEXT NOT NULL, `text2` TEXT NOT NULL, `text3` TEXT NOT NULL)', [])
INFO:root: [2019-10-20 14:03:41.661520] Finished
INFO:root: [2019-10-20 14:05:58.197810] Started
DEBUG:peewee:('SELECT table_name FROM information_schema.tables WHERE table_schema = DATABASE() AND table_type != %s ORDER BY table_name', ('VIEW',))
DEBUG:peewee:('DROP TABLE IF EXISTS `nonpersoncharacter`', [])
DEBUG:peewee:('SELECT table_name FROM information_schema.tables WHERE table_schema = DATABASE() AND table_type != %s ORDER BY table_name', ('VIEW',))
DEBUG:peewee:('DROP TABLE IF EXISTS `itemsingame`', [])
DEBUG:peewee:('SELECT table_name FROM information_schema.tables WHERE table_schema = DATABASE() AND table_type != %s ORDER BY table_name', ('VIEW',))
DEBUG:peewee:('DROP TABLE IF EXISTS `enemy`', [])
DEBUG:peewee:('SELECT table_name FROM information_schema.tables WHERE table_schema = DATABASE() AND table_type != %s ORDER BY table_name', ('VIEW',))
DEBUG:peewee:('DROP TABLE IF EXISTS `character`', [])
DEBUG:peewee:('SELECT table_name FROM information_schema.tables WHERE table_schema = DATABASE() AND table_type != %s ORDER BY table_name', ('VIEW',))
DEBUG:peewee:('DROP TABLE IF EXISTS `user`', [])
DEBUG:peewee:('SELECT table_name FROM information_schema.tables WHERE table_schema = DATABASE() AND table_type != %s ORDER BY table_name', ('VIEW',))
DEBUG:peewee:('DROP TABLE IF EXISTS `blueprints`', [])
DEBUG:peewee:('SELECT table_name FROM information_schema.tables WHERE table_schema = DATABASE() AND table_type != %s ORDER BY table_name', ('VIEW',))
DEBUG:peewee:('CREATE TABLE IF NOT EXISTS `blueprints` (`bp_id` INTEGER AUTO_INCREMENT NOT NULL PRIMARY KEY, `type` INTEGER NOT NULL, `health` INTEGER NOT NULL, `strength` INTEGER NOT NULL, `reflex` INTEGER NOT NULL, `charisma` INTEGER NOT NULL, `intelligence` INTEGER NOT NULL, `will` INTEGER NOT NULL, `armor` INTEGER NOT NULL, `min_dmg` INTEGER NOT NULL, `max_dmg` INTEGER NOT NULL, `image_path` VARCHAR(1024) NOT NULL)', [])
DEBUG:peewee:('SELECT table_name FROM information_schema.tables WHERE table_schema = DATABASE() AND table_type != %s ORDER BY table_name', ('VIEW',))
DEBUG:peewee:('CREATE TABLE IF NOT EXISTS `user` (`user_id` VARCHAR(40) NOT NULL PRIMARY KEY, `username` VARCHAR(255) NOT NULL, `password` VARCHAR(255) NOT NULL, `create_date` DATETIME NOT NULL)', [])
DEBUG:peewee:('CREATE UNIQUE INDEX `user_username` ON `user` (`username`)', [])
DEBUG:peewee:('SELECT table_name FROM information_schema.tables WHERE table_schema = DATABASE() AND table_type != %s ORDER BY table_name', ('VIEW',))
DEBUG:peewee:('CREATE TABLE IF NOT EXISTS `character` (`char_id` INTEGER AUTO_INCREMENT NOT NULL PRIMARY KEY, `char_name` VARCHAR(35) NOT NULL, `base_health` INTEGER NOT NULL, `base_strength` INTEGER NOT NULL, `base_reflex` INTEGER NOT NULL, `base_charisma` INTEGER NOT NULL, `base_intelligence` INTEGER NOT NULL, `base_will` INTEGER NOT NULL, `user_id` VARCHAR(40) NOT NULL, `image_path` VARCHAR(1024) NOT NULL, FOREIGN KEY (`user_id`) REFERENCES `user` (`user_id`))', [])
DEBUG:peewee:('CREATE UNIQUE INDEX `character_char_name` ON `character` (`char_name`)', [])
DEBUG:peewee:('CREATE INDEX `character_user_id` ON `character` (`user_id`)', [])
DEBUG:peewee:('SELECT table_name FROM information_schema.tables WHERE table_schema = DATABASE() AND table_type != %s ORDER BY table_name', ('VIEW',))
DEBUG:peewee:('CREATE TABLE IF NOT EXISTS `enemy` (`enemy_id` INTEGER AUTO_INCREMENT NOT NULL PRIMARY KEY, `name` VARCHAR(50) NOT NULL, `rarity` INTEGER NOT NULL, `health` INTEGER NOT NULL, `strength` INTEGER NOT NULL, `reflex` INTEGER NOT NULL, `charisma` INTEGER NOT NULL, `intelligence` INTEGER NOT NULL, `will` INTEGER NOT NULL, `armor` INTEGER NOT NULL, `min_dmg` INTEGER NOT NULL, `max_dmg` INTEGER NOT NULL, `image_path` VARCHAR(1024) NOT NULL)', [])
DEBUG:peewee:('SELECT table_name FROM information_schema.tables WHERE table_schema = DATABASE() AND table_type != %s ORDER BY table_name', ('VIEW',))
DEBUG:peewee:('CREATE TABLE IF NOT EXISTS `itemsingame` (`iig_id` INTEGER AUTO_INCREMENT NOT NULL PRIMARY KEY, `item_slot` INTEGER NOT NULL, `item_name` VARCHAR(45) NOT NULL, `equipped` BOOL NOT NULL, `blueprint_id` INTEGER NOT NULL, `character_id` INTEGER NOT NULL, FOREIGN KEY (`blueprint_id`) REFERENCES `blueprints` (`bp_id`), FOREIGN KEY (`character_id`) REFERENCES `character` (`char_id`))', [])
DEBUG:peewee:('CREATE INDEX `itemsingame_blueprint_id` ON `itemsingame` (`blueprint_id`)', [])
DEBUG:peewee:('CREATE INDEX `itemsingame_character_id` ON `itemsingame` (`character_id`)', [])
DEBUG:peewee:('SELECT table_name FROM information_schema.tables WHERE table_schema = DATABASE() AND table_type != %s ORDER BY table_name', ('VIEW',))
DEBUG:peewee:('CREATE TABLE IF NOT EXISTS `nonpersoncharacter` (`npc_id` INTEGER AUTO_INCREMENT NOT NULL PRIMARY KEY, `name` VARCHAR(50) NOT NULL, `healer` BOOL NOT NULL, `trader` BOOL NOT NULL, `text1` TEXT NOT NULL, `text2` TEXT NOT NULL, `text3` TEXT NOT NULL)', [])
INFO:root: [2019-10-20 14:05:58.407676] Finished
INFO:root: [2019-10-20 14:06:39.898374] Started
DEBUG:peewee:('SELECT table_name FROM information_schema.tables WHERE table_schema = DATABASE() AND table_type != %s ORDER BY table_name', ('VIEW',))
DEBUG:peewee:('DROP TABLE IF EXISTS `nonpersoncharacter`', [])
DEBUG:peewee:('SELECT table_name FROM information_schema.tables WHERE table_schema = DATABASE() AND table_type != %s ORDER BY table_name', ('VIEW',))
DEBUG:peewee:('DROP TABLE IF EXISTS `itemsingame`', [])
DEBUG:peewee:('SELECT table_name FROM information_schema.tables WHERE table_schema = DATABASE() AND table_type != %s ORDER BY table_name', ('VIEW',))
DEBUG:peewee:('DROP TABLE IF EXISTS `enemy`', [])
DEBUG:peewee:('SELECT table_name FROM information_schema.tables WHERE table_schema = DATABASE() AND table_type != %s ORDER BY table_name', ('VIEW',))
DEBUG:peewee:('DROP TABLE IF EXISTS `character`', [])
DEBUG:peewee:('SELECT table_name FROM information_schema.tables WHERE table_schema = DATABASE() AND table_type != %s ORDER BY table_name', ('VIEW',))
DEBUG:peewee:('DROP TABLE IF EXISTS `user`', [])
DEBUG:peewee:('SELECT table_name FROM information_schema.tables WHERE table_schema = DATABASE() AND table_type != %s ORDER BY table_name', ('VIEW',))
DEBUG:peewee:('DROP TABLE IF EXISTS `blueprints`', [])
DEBUG:peewee:('SELECT table_name FROM information_schema.tables WHERE table_schema = DATABASE() AND table_type != %s ORDER BY table_name', ('VIEW',))
DEBUG:peewee:('CREATE TABLE IF NOT EXISTS `blueprints` (`bp_id` INTEGER AUTO_INCREMENT NOT NULL PRIMARY KEY, `type` INTEGER NOT NULL, `health` INTEGER NOT NULL, `strength` INTEGER NOT NULL, `reflex` INTEGER NOT NULL, `charisma` INTEGER NOT NULL, `intelligence` INTEGER NOT NULL, `will` INTEGER NOT NULL, `armor` INTEGER NOT NULL, `min_dmg` INTEGER NOT NULL, `max_dmg` INTEGER NOT NULL, `image_path` VARCHAR(1024) NOT NULL)', [])
DEBUG:peewee:('SELECT table_name FROM information_schema.tables WHERE table_schema = DATABASE() AND table_type != %s ORDER BY table_name', ('VIEW',))
DEBUG:peewee:('CREATE TABLE IF NOT EXISTS `user` (`user_id` VARCHAR(40) NOT NULL PRIMARY KEY, `username` VARCHAR(255) NOT NULL, `password` VARCHAR(255) NOT NULL, `create_date` DATETIME NOT NULL)', [])
DEBUG:peewee:('CREATE UNIQUE INDEX `user_username` ON `user` (`username`)', [])
DEBUG:peewee:('SELECT table_name FROM information_schema.tables WHERE table_schema = DATABASE() AND table_type != %s ORDER BY table_name', ('VIEW',))
DEBUG:peewee:('CREATE TABLE IF NOT EXISTS `character` (`char_id` INTEGER AUTO_INCREMENT NOT NULL PRIMARY KEY, `char_name` VARCHAR(35) NOT NULL, `base_health` INTEGER NOT NULL, `base_strength` INTEGER NOT NULL, `base_reflex` INTEGER NOT NULL, `base_charisma` INTEGER NOT NULL, `base_intelligence` INTEGER NOT NULL, `base_will` INTEGER NOT NULL, `user_id` VARCHAR(40) NOT NULL, `image_path` VARCHAR(1024) NOT NULL, FOREIGN KEY (`user_id`) REFERENCES `user` (`user_id`))', [])
DEBUG:peewee:('CREATE UNIQUE INDEX `character_char_name` ON `character` (`char_name`)', [])
DEBUG:peewee:('CREATE INDEX `character_user_id` ON `character` (`user_id`)', [])
DEBUG:peewee:('SELECT table_name FROM information_schema.tables WHERE table_schema = DATABASE() AND table_type != %s ORDER BY table_name', ('VIEW',))
DEBUG:peewee:('CREATE TABLE IF NOT EXISTS `enemy` (`enemy_id` INTEGER AUTO_INCREMENT NOT NULL PRIMARY KEY, `name` VARCHAR(50) NOT NULL, `rarity` INTEGER NOT NULL, `health` INTEGER NOT NULL, `strength` INTEGER NOT NULL, `reflex` INTEGER NOT NULL, `charisma` INTEGER NOT NULL, `intelligence` INTEGER NOT NULL, `will` INTEGER NOT NULL, `armor` INTEGER NOT NULL, `min_dmg` INTEGER NOT NULL, `max_dmg` INTEGER NOT NULL, `image_path` VARCHAR(1024) NOT NULL)', [])
DEBUG:peewee:('SELECT table_name FROM information_schema.tables WHERE table_schema = DATABASE() AND table_type != %s ORDER BY table_name', ('VIEW',))
DEBUG:peewee:('CREATE TABLE IF NOT EXISTS `itemsingame` (`iig_id` INTEGER AUTO_INCREMENT NOT NULL PRIMARY KEY, `item_slot` INTEGER NOT NULL, `item_name` VARCHAR(45) NOT NULL, `equipped` BOOL NOT NULL, `blueprint_id` INTEGER NOT NULL, `character_id` INTEGER NOT NULL, FOREIGN KEY (`blueprint_id`) REFERENCES `blueprints` (`bp_id`), FOREIGN KEY (`character_id`) REFERENCES `character` (`char_id`))', [])
DEBUG:peewee:('CREATE INDEX `itemsingame_blueprint_id` ON `itemsingame` (`blueprint_id`)', [])
DEBUG:peewee:('CREATE INDEX `itemsingame_character_id` ON `itemsingame` (`character_id`)', [])
DEBUG:peewee:('SELECT table_name FROM information_schema.tables WHERE table_schema = DATABASE() AND table_type != %s ORDER BY table_name', ('VIEW',))
DEBUG:peewee:('CREATE TABLE IF NOT EXISTS `nonpersoncharacter` (`npc_id` INTEGER AUTO_INCREMENT NOT NULL PRIMARY KEY, `name` VARCHAR(50) NOT NULL, `healer` BOOL NOT NULL, `trader` BOOL NOT NULL, `text1` TEXT NOT NULL, `text2` TEXT NOT NULL, `text3` TEXT NOT NULL)', [])
INFO:root: [2019-10-20 14:06:49.856100] Started
DEBUG:peewee:('SELECT table_name FROM information_schema.tables WHERE table_schema = DATABASE() AND table_type != %s ORDER BY table_name', ('VIEW',))
DEBUG:peewee:('DROP TABLE IF EXISTS `nonpersoncharacter`', [])
DEBUG:peewee:('SELECT table_name FROM information_schema.tables WHERE table_schema = DATABASE() AND table_type != %s ORDER BY table_name', ('VIEW',))
DEBUG:peewee:('DROP TABLE IF EXISTS `itemsingame`', [])
DEBUG:peewee:('SELECT table_name FROM information_schema.tables WHERE table_schema = DATABASE() AND table_type != %s ORDER BY table_name', ('VIEW',))
DEBUG:peewee:('DROP TABLE IF EXISTS `enemy`', [])
DEBUG:peewee:('SELECT table_name FROM information_schema.tables WHERE table_schema = DATABASE() AND table_type != %s ORDER BY table_name', ('VIEW',))
DEBUG:peewee:('DROP TABLE IF EXISTS `character`', [])
DEBUG:peewee:('SELECT table_name FROM information_schema.tables WHERE table_schema = DATABASE() AND table_type != %s ORDER BY table_name', ('VIEW',))
DEBUG:peewee:('DROP TABLE IF EXISTS `user`', [])
DEBUG:peewee:('SELECT table_name FROM information_schema.tables WHERE table_schema = DATABASE() AND table_type != %s ORDER BY table_name', ('VIEW',))
DEBUG:peewee:('DROP TABLE IF EXISTS `blueprints`', [])
DEBUG:peewee:('SELECT table_name FROM information_schema.tables WHERE table_schema = DATABASE() AND table_type != %s ORDER BY table_name', ('VIEW',))
DEBUG:peewee:('CREATE TABLE IF NOT EXISTS `blueprints` (`bp_id` INTEGER AUTO_INCREMENT NOT NULL PRIMARY KEY, `type` INTEGER NOT NULL, `health` INTEGER NOT NULL, `strength` INTEGER NOT NULL, `reflex` INTEGER NOT NULL, `charisma` INTEGER NOT NULL, `intelligence` INTEGER NOT NULL, `will` INTEGER NOT NULL, `armor` INTEGER NOT NULL, `min_dmg` INTEGER NOT NULL, `max_dmg` INTEGER NOT NULL, `image_path` VARCHAR(1024) NOT NULL)', [])
DEBUG:peewee:('SELECT table_name FROM information_schema.tables WHERE table_schema = DATABASE() AND table_type != %s ORDER BY table_name', ('VIEW',))
DEBUG:peewee:('CREATE TABLE IF NOT EXISTS `user` (`user_id` VARCHAR(40) NOT NULL PRIMARY KEY, `username` VARCHAR(255) NOT NULL, `password` VARCHAR(255) NOT NULL, `create_date` DATETIME NOT NULL)', [])
DEBUG:peewee:('CREATE UNIQUE INDEX `user_username` ON `user` (`username`)', [])
DEBUG:peewee:('SELECT table_name FROM information_schema.tables WHERE table_schema = DATABASE() AND table_type != %s ORDER BY table_name', ('VIEW',))
DEBUG:peewee:('CREATE TABLE IF NOT EXISTS `character` (`char_id` INTEGER AUTO_INCREMENT NOT NULL PRIMARY KEY, `char_name` VARCHAR(35) NOT NULL, `base_health` INTEGER NOT NULL, `base_strength` INTEGER NOT NULL, `base_reflex` INTEGER NOT NULL, `base_charisma` INTEGER NOT NULL, `base_intelligence` INTEGER NOT NULL, `base_will` INTEGER NOT NULL, `user_id` VARCHAR(40) NOT NULL, `image_path` VARCHAR(1024) NOT NULL, FOREIGN KEY (`user_id`) REFERENCES `user` (`user_id`))', [])
DEBUG:peewee:('CREATE UNIQUE INDEX `character_char_name` ON `character` (`char_name`)', [])
DEBUG:peewee:('CREATE INDEX `character_user_id` ON `character` (`user_id`)', [])
DEBUG:peewee:('SELECT table_name FROM information_schema.tables WHERE table_schema = DATABASE() AND table_type != %s ORDER BY table_name', ('VIEW',))
DEBUG:peewee:('CREATE TABLE IF NOT EXISTS `enemy` (`enemy_id` INTEGER AUTO_INCREMENT NOT NULL PRIMARY KEY, `name` VARCHAR(50) NOT NULL, `rarity` INTEGER NOT NULL, `health` INTEGER NOT NULL, `strength` INTEGER NOT NULL, `reflex` INTEGER NOT NULL, `charisma` INTEGER NOT NULL, `intelligence` INTEGER NOT NULL, `will` INTEGER NOT NULL, `armor` INTEGER NOT NULL, `min_dmg` INTEGER NOT NULL, `max_dmg` INTEGER NOT NULL, `image_path` VARCHAR(1024) NOT NULL)', [])
DEBUG:peewee:('SELECT table_name FROM information_schema.tables WHERE table_schema = DATABASE() AND table_type != %s ORDER BY table_name', ('VIEW',))
DEBUG:peewee:('CREATE TABLE IF NOT EXISTS `itemsingame` (`iig_id` INTEGER AUTO_INCREMENT NOT NULL PRIMARY KEY, `item_slot` INTEGER NOT NULL, `item_name` VARCHAR(45) NOT NULL, `equipped` BOOL NOT NULL, `blueprint_id` INTEGER NOT NULL, `character_id` INTEGER NOT NULL, FOREIGN KEY (`blueprint_id`) REFERENCES `blueprints` (`bp_id`), FOREIGN KEY (`character_id`) REFERENCES `character` (`char_id`))', [])
DEBUG:peewee:('CREATE INDEX `itemsingame_blueprint_id` ON `itemsingame` (`blueprint_id`)', [])
DEBUG:peewee:('CREATE INDEX `itemsingame_character_id` ON `itemsingame` (`character_id`)', [])
DEBUG:peewee:('SELECT table_name FROM information_schema.tables WHERE table_schema = DATABASE() AND table_type != %s ORDER BY table_name', ('VIEW',))
DEBUG:peewee:('CREATE TABLE IF NOT EXISTS `nonpersoncharacter` (`npc_id` INTEGER AUTO_INCREMENT NOT NULL PRIMARY KEY, `name` VARCHAR(50) NOT NULL, `healer` BOOL NOT NULL, `trader` BOOL NOT NULL, `text1` TEXT NOT NULL, `text2` TEXT NOT NULL, `text3` TEXT NOT NULL)', [])
DEBUG:peewee:('UPDATE `user` SET `username` = %s, `password` = %s, `create_date` = %s WHERE (`user`.`user_id` = %s)', ['Nothy', '258d52297476a7301e3972aed359840a41667d7bdfd9a842bdcf2fc3fdc5a6019adff5d88e326efbf13177097336806911168a4c7d8caaf6e17debe4aded5fe2', datetime.datetime(2019, 10, 20, 14, 6, 49, 854295), 'd0510bb983c04063b15e651bc783a265'])
INFO:root: [2019-10-20 14:06:49.995743] Finished
INFO:root: [2019-10-20 14:08:30.398196] Started
DEBUG:peewee:('SELECT table_name FROM information_schema.tables WHERE table_schema = DATABASE() AND table_type != %s ORDER BY table_name', ('VIEW',))
DEBUG:peewee:('DROP TABLE IF EXISTS `nonpersoncharacter`', [])
DEBUG:peewee:('SELECT table_name FROM information_schema.tables WHERE table_schema = DATABASE() AND table_type != %s ORDER BY table_name', ('VIEW',))
DEBUG:peewee:('DROP TABLE IF EXISTS `itemsingame`', [])
DEBUG:peewee:('SELECT table_name FROM information_schema.tables WHERE table_schema = DATABASE() AND table_type != %s ORDER BY table_name', ('VIEW',))
DEBUG:peewee:('DROP TABLE IF EXISTS `enemy`', [])
DEBUG:peewee:('SELECT table_name FROM information_schema.tables WHERE table_schema = DATABASE() AND table_type != %s ORDER BY table_name', ('VIEW',))
DEBUG:peewee:('DROP TABLE IF EXISTS `character`', [])
DEBUG:peewee:('SELECT table_name FROM information_schema.tables WHERE table_schema = DATABASE() AND table_type != %s ORDER BY table_name', ('VIEW',))
DEBUG:peewee:('DROP TABLE IF EXISTS `user`', [])
DEBUG:peewee:('SELECT table_name FROM information_schema.tables WHERE table_schema = DATABASE() AND table_type != %s ORDER BY table_name', ('VIEW',))
DEBUG:peewee:('DROP TABLE IF EXISTS `blueprints`', [])
DEBUG:peewee:('SELECT table_name FROM information_schema.tables WHERE table_schema = DATABASE() AND table_type != %s ORDER BY table_name', ('VIEW',))
DEBUG:peewee:('CREATE TABLE IF NOT EXISTS `blueprints` (`bp_id` INTEGER AUTO_INCREMENT NOT NULL PRIMARY KEY, `type` INTEGER NOT NULL, `health` INTEGER NOT NULL, `strength` INTEGER NOT NULL, `reflex` INTEGER NOT NULL, `charisma` INTEGER NOT NULL, `intelligence` INTEGER NOT NULL, `will` INTEGER NOT NULL, `armor` INTEGER NOT NULL, `min_dmg` INTEGER NOT NULL, `max_dmg` INTEGER NOT NULL, `image_path` VARCHAR(1024) NOT NULL)', [])
DEBUG:peewee:('SELECT table_name FROM information_schema.tables WHERE table_schema = DATABASE() AND table_type != %s ORDER BY table_name', ('VIEW',))
DEBUG:peewee:('CREATE TABLE IF NOT EXISTS `user` (`user_id` VARCHAR(40) NOT NULL PRIMARY KEY, `username` VARCHAR(255) NOT NULL, `password` VARCHAR(255) NOT NULL, `create_date` DATETIME NOT NULL)', [])
DEBUG:peewee:('CREATE UNIQUE INDEX `user_username` ON `user` (`username`)', [])
DEBUG:peewee:('SELECT table_name FROM information_schema.tables WHERE table_schema = DATABASE() AND table_type != %s ORDER BY table_name', ('VIEW',))
DEBUG:peewee:('CREATE TABLE IF NOT EXISTS `character` (`char_id` INTEGER AUTO_INCREMENT NOT NULL PRIMARY KEY, `char_name` VARCHAR(35) NOT NULL, `base_health` INTEGER NOT NULL, `base_strength` INTEGER NOT NULL, `base_reflex` INTEGER NOT NULL, `base_charisma` INTEGER NOT NULL, `base_intelligence` INTEGER NOT NULL, `base_will` INTEGER NOT NULL, `user_id` VARCHAR(40) NOT NULL, `image_path` VARCHAR(1024) NOT NULL, FOREIGN KEY (`user_id`) REFERENCES `user` (`user_id`))', [])
DEBUG:peewee:('CREATE UNIQUE INDEX `character_char_name` ON `character` (`char_name`)', [])
DEBUG:peewee:('CREATE INDEX `character_user_id` ON `character` (`user_id`)', [])
DEBUG:peewee:('SELECT table_name FROM information_schema.tables WHERE table_schema = DATABASE() AND table_type != %s ORDER BY table_name', ('VIEW',))
DEBUG:peewee:('CREATE TABLE IF NOT EXISTS `enemy` (`enemy_id` INTEGER AUTO_INCREMENT NOT NULL PRIMARY KEY, `name` VARCHAR(50) NOT NULL, `rarity` INTEGER NOT NULL, `health` INTEGER NOT NULL, `strength` INTEGER NOT NULL, `reflex` INTEGER NOT NULL, `charisma` INTEGER NOT NULL, `intelligence` INTEGER NOT NULL, `will` INTEGER NOT NULL, `armor` INTEGER NOT NULL, `min_dmg` INTEGER NOT NULL, `max_dmg` INTEGER NOT NULL, `image_path` VARCHAR(1024) NOT NULL)', [])
DEBUG:peewee:('SELECT table_name FROM information_schema.tables WHERE table_schema = DATABASE() AND table_type != %s ORDER BY table_name', ('VIEW',))
DEBUG:peewee:('CREATE TABLE IF NOT EXISTS `itemsingame` (`iig_id` INTEGER AUTO_INCREMENT NOT NULL PRIMARY KEY, `item_slot` INTEGER NOT NULL, `item_name` VARCHAR(45) NOT NULL, `equipped` BOOL NOT NULL, `blueprint_id` INTEGER NOT NULL, `character_id` INTEGER NOT NULL, FOREIGN KEY (`blueprint_id`) REFERENCES `blueprints` (`bp_id`), FOREIGN KEY (`character_id`) REFERENCES `character` (`char_id`))', [])
DEBUG:peewee:('CREATE INDEX `itemsingame_blueprint_id` ON `itemsingame` (`blueprint_id`)', [])
DEBUG:peewee:('CREATE INDEX `itemsingame_character_id` ON `itemsingame` (`character_id`)', [])
DEBUG:peewee:('SELECT table_name FROM information_schema.tables WHERE table_schema = DATABASE() AND table_type != %s ORDER BY table_name', ('VIEW',))
DEBUG:peewee:('CREATE TABLE IF NOT EXISTS `nonpersoncharacter` (`npc_id` INTEGER AUTO_INCREMENT NOT NULL PRIMARY KEY, `name` VARCHAR(50) NOT NULL, `healer` BOOL NOT NULL, `trader` BOOL NOT NULL, `text1` TEXT NOT NULL, `text2` TEXT NOT NULL, `text3` TEXT NOT NULL)', [])
DEBUG:peewee:('UPDATE `user` SET `username` = %s, `password` = %s, `create_date` = %s WHERE (`user`.`user_id` = %s)', ['Nothy', 'd00f73fb2239d050dd5b2406b3090b88f06d87c83ea3a9abcb2c22fd1d4dfd2f014d114e91c76b86dade2943dde235cf4f4c3851dace4a3c60b741df6daf33d9', datetime.datetime(2019, 10, 20, 14, 8, 30, 396612), 'b340cd140e714c2cb33246956f267d7a'])
DEBUG:peewee:('UPDATE `user` SET `username` = %s, `password` = %s, `create_date` = %s WHERE (`user`.`user_id` = %s)', ['Nnn', '957df1df7a5f4b65d217ad1a1770899cad1e7b34a2ffd539b0388e4b87db02fe40ac633062077e787439828dcd085cf5fb5a57c1f452aea987b4a4c5222a6e9f', datetime.datetime(2019, 10, 20, 14, 8, 30, 396612), 'b340cd140e714c2cb33246956f267d7a'])
INFO:root: [2019-10-20 14:08:30.622645] Finished
INFO:root: [2019-10-20 14:09:00.042052] Started
DEBUG:peewee:('SELECT table_name FROM information_schema.tables WHERE table_schema = DATABASE() AND table_type != %s ORDER BY table_name', ('VIEW',))
DEBUG:peewee:('DROP TABLE IF EXISTS `nonpersoncharacter`', [])
DEBUG:peewee:('SELECT table_name FROM information_schema.tables WHERE table_schema = DATABASE() AND table_type != %s ORDER BY table_name', ('VIEW',))
DEBUG:peewee:('DROP TABLE IF EXISTS `itemsingame`', [])
DEBUG:peewee:('SELECT table_name FROM information_schema.tables WHERE table_schema = DATABASE() AND table_type != %s ORDER BY table_name', ('VIEW',))
DEBUG:peewee:('DROP TABLE IF EXISTS `enemy`', [])
DEBUG:peewee:('SELECT table_name FROM information_schema.tables WHERE table_schema = DATABASE() AND table_type != %s ORDER BY table_name', ('VIEW',))
DEBUG:peewee:('DROP TABLE IF EXISTS `character`', [])
DEBUG:peewee:('SELECT table_name FROM information_schema.tables WHERE table_schema = DATABASE() AND table_type != %s ORDER BY table_name', ('VIEW',))
DEBUG:peewee:('DROP TABLE IF EXISTS `user`', [])
DEBUG:peewee:('SELECT table_name FROM information_schema.tables WHERE table_schema = DATABASE() AND table_type != %s ORDER BY table_name', ('VIEW',))
DEBUG:peewee:('DROP TABLE IF EXISTS `blueprints`', [])
DEBUG:peewee:('SELECT table_name FROM information_schema.tables WHERE table_schema = DATABASE() AND table_type != %s ORDER BY table_name', ('VIEW',))
DEBUG:peewee:('CREATE TABLE IF NOT EXISTS `blueprints` (`bp_id` INTEGER AUTO_INCREMENT NOT NULL PRIMARY KEY, `type` INTEGER NOT NULL, `health` INTEGER NOT NULL, `strength` INTEGER NOT NULL, `reflex` INTEGER NOT NULL, `charisma` INTEGER NOT NULL, `intelligence` INTEGER NOT NULL, `will` INTEGER NOT NULL, `armor` INTEGER NOT NULL, `min_dmg` INTEGER NOT NULL, `max_dmg` INTEGER NOT NULL, `image_path` VARCHAR(1024) NOT NULL)', [])
DEBUG:peewee:('SELECT table_name FROM information_schema.tables WHERE table_schema = DATABASE() AND table_type != %s ORDER BY table_name', ('VIEW',))
DEBUG:peewee:('CREATE TABLE IF NOT EXISTS `user` (`user_id` VARCHAR(40) NOT NULL PRIMARY KEY, `username` VARCHAR(255) NOT NULL, `password` VARCHAR(255) NOT NULL, `create_date` DATETIME NOT NULL)', [])
DEBUG:peewee:('CREATE UNIQUE INDEX `user_username` ON `user` (`username`)', [])
DEBUG:peewee:('SELECT table_name FROM information_schema.tables WHERE table_schema = DATABASE() AND table_type != %s ORDER BY table_name', ('VIEW',))
DEBUG:peewee:('CREATE TABLE IF NOT EXISTS `character` (`char_id` INTEGER AUTO_INCREMENT NOT NULL PRIMARY KEY, `char_name` VARCHAR(35) NOT NULL, `base_health` INTEGER NOT NULL, `base_strength` INTEGER NOT NULL, `base_reflex` INTEGER NOT NULL, `base_charisma` INTEGER NOT NULL, `base_intelligence` INTEGER NOT NULL, `base_will` INTEGER NOT NULL, `user_id` VARCHAR(40) NOT NULL, `image_path` VARCHAR(1024) NOT NULL, FOREIGN KEY (`user_id`) REFERENCES `user` (`user_id`))', [])
DEBUG:peewee:('CREATE UNIQUE INDEX `character_char_name` ON `character` (`char_name`)', [])
DEBUG:peewee:('CREATE INDEX `character_user_id` ON `character` (`user_id`)', [])
DEBUG:peewee:('SELECT table_name FROM information_schema.tables WHERE table_schema = DATABASE() AND table_type != %s ORDER BY table_name', ('VIEW',))
DEBUG:peewee:('CREATE TABLE IF NOT EXISTS `enemy` (`enemy_id` INTEGER AUTO_INCREMENT NOT NULL PRIMARY KEY, `name` VARCHAR(50) NOT NULL, `rarity` INTEGER NOT NULL, `health` INTEGER NOT NULL, `strength` INTEGER NOT NULL, `reflex` INTEGER NOT NULL, `charisma` INTEGER NOT NULL, `intelligence` INTEGER NOT NULL, `will` INTEGER NOT NULL, `armor` INTEGER NOT NULL, `min_dmg` INTEGER NOT NULL, `max_dmg` INTEGER NOT NULL, `image_path` VARCHAR(1024) NOT NULL)', [])
DEBUG:peewee:('SELECT table_name FROM information_schema.tables WHERE table_schema = DATABASE() AND table_type != %s ORDER BY table_name', ('VIEW',))
DEBUG:peewee:('CREATE TABLE IF NOT EXISTS `itemsingame` (`iig_id` INTEGER AUTO_INCREMENT NOT NULL PRIMARY KEY, `item_slot` INTEGER NOT NULL, `item_name` VARCHAR(45) NOT NULL, `equipped` BOOL NOT NULL, `blueprint_id` INTEGER NOT NULL, `character_id` INTEGER NOT NULL, FOREIGN KEY (`blueprint_id`) REFERENCES `blueprints` (`bp_id`), FOREIGN KEY (`character_id`) REFERENCES `character` (`char_id`))', [])
DEBUG:peewee:('CREATE INDEX `itemsingame_blueprint_id` ON `itemsingame` (`blueprint_id`)', [])
DEBUG:peewee:('CREATE INDEX `itemsingame_character_id` ON `itemsingame` (`character_id`)', [])
DEBUG:peewee:('SELECT table_name FROM information_schema.tables WHERE table_schema = DATABASE() AND table_type != %s ORDER BY table_name', ('VIEW',))
DEBUG:peewee:('CREATE TABLE IF NOT EXISTS `nonpersoncharacter` (`npc_id` INTEGER AUTO_INCREMENT NOT NULL PRIMARY KEY, `name` VARCHAR(50) NOT NULL, `healer` BOOL NOT NULL, `trader` BOOL NOT NULL, `text1` TEXT NOT NULL, `text2` TEXT NOT NULL, `text3` TEXT NOT NULL)', [])
DEBUG:peewee:('INSERT INTO `user` (`user_id`, `username`, `password`, `create_date`) VALUES (%s, %s, %s, %s)', ['37020cbb4cc6418e8a80c3704a0a9010', 'Nothy', '157e581af075219e4f94d853dcfabb11f0084e1fcb03606dde37240b409a2bf5fcadf078217544ea741f0842ab1c89969241340157496ef888256947ce69d997', datetime.datetime(2019, 10, 20, 14, 9, 0, 40225)])
DEBUG:peewee:('UPDATE `user` SET `username` = %s, `password` = %s, `create_date` = %s WHERE (`user`.`user_id` = %s)', ['Nnn', '0999811fd40bdcc9fb26def11e2129e31bb2dba3c1581dbf51c543c05a86adf56e99132279d65b24008df4b0ac30d59405264be326875480a939c50fa14d18aa', datetime.datetime(2019, 10, 20, 14, 9, 0, 40225), '37020cbb4cc6418e8a80c3704a0a9010'])
INFO:root: [2019-10-20 14:09:00.269618] Finished
INFO:root: [2019-10-20 14:09:14.975354] Started
DEBUG:peewee:('SELECT table_name FROM information_schema.tables WHERE table_schema = DATABASE() AND table_type != %s ORDER BY table_name', ('VIEW',))
DEBUG:peewee:('DROP TABLE IF EXISTS `nonpersoncharacter`', [])
DEBUG:peewee:('SELECT table_name FROM information_schema.tables WHERE table_schema = DATABASE() AND table_type != %s ORDER BY table_name', ('VIEW',))
DEBUG:peewee:('DROP TABLE IF EXISTS `itemsingame`', [])
DEBUG:peewee:('SELECT table_name FROM information_schema.tables WHERE table_schema = DATABASE() AND table_type != %s ORDER BY table_name', ('VIEW',))
DEBUG:peewee:('DROP TABLE IF EXISTS `enemy`', [])
DEBUG:peewee:('SELECT table_name FROM information_schema.tables WHERE table_schema = DATABASE() AND table_type != %s ORDER BY table_name', ('VIEW',))
DEBUG:peewee:('DROP TABLE IF EXISTS `character`', [])
DEBUG:peewee:('SELECT table_name FROM information_schema.tables WHERE table_schema = DATABASE() AND table_type != %s ORDER BY table_name', ('VIEW',))
DEBUG:peewee:('DROP TABLE IF EXISTS `user`', [])
DEBUG:peewee:('SELECT table_name FROM information_schema.tables WHERE table_schema = DATABASE() AND table_type != %s ORDER BY table_name', ('VIEW',))
DEBUG:peewee:('DROP TABLE IF EXISTS `blueprints`', [])
DEBUG:peewee:('SELECT table_name FROM information_schema.tables WHERE table_schema = DATABASE() AND table_type != %s ORDER BY table_name', ('VIEW',))
DEBUG:peewee:('CREATE TABLE IF NOT EXISTS `blueprints` (`bp_id` INTEGER AUTO_INCREMENT NOT NULL PRIMARY KEY, `type` INTEGER NOT NULL, `health` INTEGER NOT NULL, `strength` INTEGER NOT NULL, `reflex` INTEGER NOT NULL, `charisma` INTEGER NOT NULL, `intelligence` INTEGER NOT NULL, `will` INTEGER NOT NULL, `armor` INTEGER NOT NULL, `min_dmg` INTEGER NOT NULL, `max_dmg` INTEGER NOT NULL, `image_path` VARCHAR(1024) NOT NULL)', [])
DEBUG:peewee:('SELECT table_name FROM information_schema.tables WHERE table_schema = DATABASE() AND table_type != %s ORDER BY table_name', ('VIEW',))
DEBUG:peewee:('CREATE TABLE IF NOT EXISTS `user` (`user_id` VARCHAR(40) NOT NULL PRIMARY KEY, `username` VARCHAR(255) NOT NULL, `password` VARCHAR(255) NOT NULL, `create_date` DATETIME NOT NULL)', [])
DEBUG:peewee:('CREATE UNIQUE INDEX `user_username` ON `user` (`username`)', [])
DEBUG:peewee:('SELECT table_name FROM information_schema.tables WHERE table_schema = DATABASE() AND table_type != %s ORDER BY table_name', ('VIEW',))
DEBUG:peewee:('CREATE TABLE IF NOT EXISTS `character` (`char_id` INTEGER AUTO_INCREMENT NOT NULL PRIMARY KEY, `char_name` VARCHAR(35) NOT NULL, `base_health` INTEGER NOT NULL, `base_strength` INTEGER NOT NULL, `base_reflex` INTEGER NOT NULL, `base_charisma` INTEGER NOT NULL, `base_intelligence` INTEGER NOT NULL, `base_will` INTEGER NOT NULL, `user_id` VARCHAR(40) NOT NULL, `image_path` VARCHAR(1024) NOT NULL, FOREIGN KEY (`user_id`) REFERENCES `user` (`user_id`))', [])
DEBUG:peewee:('CREATE UNIQUE INDEX `character_char_name` ON `character` (`char_name`)', [])
DEBUG:peewee:('CREATE INDEX `character_user_id` ON `character` (`user_id`)', [])
DEBUG:peewee:('SELECT table_name FROM information_schema.tables WHERE table_schema = DATABASE() AND table_type != %s ORDER BY table_name', ('VIEW',))
DEBUG:peewee:('CREATE TABLE IF NOT EXISTS `enemy` (`enemy_id` INTEGER AUTO_INCREMENT NOT NULL PRIMARY KEY, `name` VARCHAR(50) NOT NULL, `rarity` INTEGER NOT NULL, `health` INTEGER NOT NULL, `strength` INTEGER NOT NULL, `reflex` INTEGER NOT NULL, `charisma` INTEGER NOT NULL, `intelligence` INTEGER NOT NULL, `will` INTEGER NOT NULL, `armor` INTEGER NOT NULL, `min_dmg` INTEGER NOT NULL, `max_dmg` INTEGER NOT NULL, `image_path` VARCHAR(1024) NOT NULL)', [])
DEBUG:peewee:('SELECT table_name FROM information_schema.tables WHERE table_schema = DATABASE() AND table_type != %s ORDER BY table_name', ('VIEW',))
DEBUG:peewee:('CREATE TABLE IF NOT EXISTS `itemsingame` (`iig_id` INTEGER AUTO_INCREMENT NOT NULL PRIMARY KEY, `item_slot` INTEGER NOT NULL, `item_name` VARCHAR(45) NOT NULL, `equipped` BOOL NOT NULL, `blueprint_id` INTEGER NOT NULL, `character_id` INTEGER NOT NULL, FOREIGN KEY (`blueprint_id`) REFERENCES `blueprints` (`bp_id`), FOREIGN KEY (`character_id`) REFERENCES `character` (`char_id`))', [])
DEBUG:peewee:('CREATE INDEX `itemsingame_blueprint_id` ON `itemsingame` (`blueprint_id`)', [])
DEBUG:peewee:('CREATE INDEX `itemsingame_character_id` ON `itemsingame` (`character_id`)', [])
DEBUG:peewee:('SELECT table_name FROM information_schema.tables WHERE table_schema = DATABASE() AND table_type != %s ORDER BY table_name', ('VIEW',))
DEBUG:peewee:('CREATE TABLE IF NOT EXISTS `nonpersoncharacter` (`npc_id` INTEGER AUTO_INCREMENT NOT NULL PRIMARY KEY, `name` VARCHAR(50) NOT NULL, `healer` BOOL NOT NULL, `trader` BOOL NOT NULL, `text1` TEXT NOT NULL, `text2` TEXT NOT NULL, `text3` TEXT NOT NULL)', [])
DEBUG:peewee:('INSERT INTO `user` (`user_id`, `username`, `password`, `create_date`) VALUES (%s, %s, %s, %s)', ['286179638acf4745bd2914a1c33bb690', 'Nothy', '98756acff6e5b2941dabbb8ab9a9cb53ccea632ca82d00844db9fdf371abe0d08a44dceda787b6835da0ce2dee105541b27a65d7795e9706d3e53c7d6d237715', datetime.datetime(2019, 10, 20, 14, 9, 14, 973772)])
DEBUG:peewee:('INSERT INTO `user` (`user_id`, `username`, `password`, `create_date`) VALUES (%s, %s, %s, %s)', ['286179638acf4745bd2914a1c33bb690', 'Nnn', '0f637158880e2ecfa6ca99c5a74999d57c265f9d94d3917a49cc1b67c3e3f99a7ba5c00b19213ff3ddc3126dff893450e6d05a172dea5baf1f73a0fe3866e2cc', datetime.datetime(2019, 10, 20, 14, 9, 14, 973772)])
INFO:root: [2019-10-20 14:09:19.733092] Started
DEBUG:peewee:('SELECT table_name FROM information_schema.tables WHERE table_schema = DATABASE() AND table_type != %s ORDER BY table_name', ('VIEW',))
DEBUG:peewee:('DROP TABLE IF EXISTS `nonpersoncharacter`', [])
DEBUG:peewee:('SELECT table_name FROM information_schema.tables WHERE table_schema = DATABASE() AND table_type != %s ORDER BY table_name', ('VIEW',))
DEBUG:peewee:('DROP TABLE IF EXISTS `itemsingame`', [])
DEBUG:peewee:('SELECT table_name FROM information_schema.tables WHERE table_schema = DATABASE() AND table_type != %s ORDER BY table_name', ('VIEW',))
DEBUG:peewee:('DROP TABLE IF EXISTS `enemy`', [])
DEBUG:peewee:('SELECT table_name FROM information_schema.tables WHERE table_schema = DATABASE() AND table_type != %s ORDER BY table_name', ('VIEW',))
DEBUG:peewee:('DROP TABLE IF EXISTS `character`', [])
DEBUG:peewee:('SELECT table_name FROM information_schema.tables WHERE table_schema = DATABASE() AND table_type != %s ORDER BY table_name', ('VIEW',))
DEBUG:peewee:('DROP TABLE IF EXISTS `user`', [])
DEBUG:peewee:('SELECT table_name FROM information_schema.tables WHERE table_schema = DATABASE() AND table_type != %s ORDER BY table_name', ('VIEW',))
DEBUG:peewee:('DROP TABLE IF EXISTS `blueprints`', [])
DEBUG:peewee:('SELECT table_name FROM information_schema.tables WHERE table_schema = DATABASE() AND table_type != %s ORDER BY table_name', ('VIEW',))
DEBUG:peewee:('CREATE TABLE IF NOT EXISTS `blueprints` (`bp_id` INTEGER AUTO_INCREMENT NOT NULL PRIMARY KEY, `type` INTEGER NOT NULL, `health` INTEGER NOT NULL, `strength` INTEGER NOT NULL, `reflex` INTEGER NOT NULL, `charisma` INTEGER NOT NULL, `intelligence` INTEGER NOT NULL, `will` INTEGER NOT NULL, `armor` INTEGER NOT NULL, `min_dmg` INTEGER NOT NULL, `max_dmg` INTEGER NOT NULL, `image_path` VARCHAR(1024) NOT NULL)', [])
DEBUG:peewee:('SELECT table_name FROM information_schema.tables WHERE table_schema = DATABASE() AND table_type != %s ORDER BY table_name', ('VIEW',))
DEBUG:peewee:('CREATE TABLE IF NOT EXISTS `user` (`user_id` VARCHAR(40) NOT NULL PRIMARY KEY, `username` VARCHAR(255) NOT NULL, `password` VARCHAR(255) NOT NULL, `create_date` DATETIME NOT NULL)', [])
DEBUG:peewee:('CREATE UNIQUE INDEX `user_username` ON `user` (`username`)', [])
DEBUG:peewee:('SELECT table_name FROM information_schema.tables WHERE table_schema = DATABASE() AND table_type != %s ORDER BY table_name', ('VIEW',))
DEBUG:peewee:('CREATE TABLE IF NOT EXISTS `character` (`char_id` INTEGER AUTO_INCREMENT NOT NULL PRIMARY KEY, `char_name` VARCHAR(35) NOT NULL, `base_health` INTEGER NOT NULL, `base_strength` INTEGER NOT NULL, `base_reflex` INTEGER NOT NULL, `base_charisma` INTEGER NOT NULL, `base_intelligence` INTEGER NOT NULL, `base_will` INTEGER NOT NULL, `user_id` VARCHAR(40) NOT NULL, `image_path` VARCHAR(1024) NOT NULL, FOREIGN KEY (`user_id`) REFERENCES `user` (`user_id`))', [])
DEBUG:peewee:('CREATE UNIQUE INDEX `character_char_name` ON `character` (`char_name`)', [])
DEBUG:peewee:('CREATE INDEX `character_user_id` ON `character` (`user_id`)', [])
DEBUG:peewee:('SELECT table_name FROM information_schema.tables WHERE table_schema = DATABASE() AND table_type != %s ORDER BY table_name', ('VIEW',))
DEBUG:peewee:('CREATE TABLE IF NOT EXISTS `enemy` (`enemy_id` INTEGER AUTO_INCREMENT NOT NULL PRIMARY KEY, `name` VARCHAR(50) NOT NULL, `rarity` INTEGER NOT NULL, `health` INTEGER NOT NULL, `strength` INTEGER NOT NULL, `reflex` INTEGER NOT NULL, `charisma` INTEGER NOT NULL, `intelligence` INTEGER NOT NULL, `will` INTEGER NOT NULL, `armor` INTEGER NOT NULL, `min_dmg` INTEGER NOT NULL, `max_dmg` INTEGER NOT NULL, `image_path` VARCHAR(1024) NOT NULL)', [])
DEBUG:peewee:('SELECT table_name FROM information_schema.tables WHERE table_schema = DATABASE() AND table_type != %s ORDER BY table_name', ('VIEW',))
DEBUG:peewee:('CREATE TABLE IF NOT EXISTS `itemsingame` (`iig_id` INTEGER AUTO_INCREMENT NOT NULL PRIMARY KEY, `item_slot` INTEGER NOT NULL, `item_name` VARCHAR(45) NOT NULL, `equipped` BOOL NOT NULL, `blueprint_id` INTEGER NOT NULL, `character_id` INTEGER NOT NULL, FOREIGN KEY (`blueprint_id`) REFERENCES `blueprints` (`bp_id`), FOREIGN KEY (`character_id`) REFERENCES `character` (`char_id`))', [])
DEBUG:peewee:('CREATE INDEX `itemsingame_blueprint_id` ON `itemsingame` (`blueprint_id`)', [])
DEBUG:peewee:('CREATE INDEX `itemsingame_character_id` ON `itemsingame` (`character_id`)', [])
DEBUG:peewee:('SELECT table_name FROM information_schema.tables WHERE table_schema = DATABASE() AND table_type != %s ORDER BY table_name', ('VIEW',))
DEBUG:peewee:('CREATE TABLE IF NOT EXISTS `nonpersoncharacter` (`npc_id` INTEGER AUTO_INCREMENT NOT NULL PRIMARY KEY, `name` VARCHAR(50) NOT NULL, `healer` BOOL NOT NULL, `trader` BOOL NOT NULL, `text1` TEXT NOT NULL, `text2` TEXT NOT NULL, `text3` TEXT NOT NULL)', [])
DEBUG:peewee:('INSERT INTO `user` (`user_id`, `username`, `password`, `create_date`) VALUES (%s, %s, %s, %s)', ['ce862959c9d8467f9b19613f4d11a5ac', 'Nothy', '3cda9683a644eb45daf641e6a978a4cc0452b0e008bde4df40c10dfc0dd7e9e00559359e669910d22a6c63c74081044c4ebbb42d46c098203a7b930532a8695f', datetime.datetime(2019, 10, 20, 14, 9, 19, 731391)])
DEBUG:peewee:('INSERT INTO `user` (`user_id`, `username`, `password`, `create_date`) VALUES (%s, %s, %s, %s)', ['ce862959c9d8467f9b19613f4d11a5ac', 'Nnn', '2e153b0ddb827761b2c4c0ee10dd916d8b3443ecc7b6e27f3f5aae951fa29543cb05b453efb10d8aa0cb37c4a1f684cd4fb4085132b0fe30fddc78647205e87d', datetime.datetime(2019, 10, 20, 14, 9, 19, 731391)])
INFO:root: [2019-10-20 14:09:40.163172] Started
DEBUG:peewee:('SELECT table_name FROM information_schema.tables WHERE table_schema = DATABASE() AND table_type != %s ORDER BY table_name', ('VIEW',))
DEBUG:peewee:('DROP TABLE IF EXISTS `nonpersoncharacter`', [])
DEBUG:peewee:('SELECT table_name FROM information_schema.tables WHERE table_schema = DATABASE() AND table_type != %s ORDER BY table_name', ('VIEW',))
DEBUG:peewee:('DROP TABLE IF EXISTS `itemsingame`', [])
DEBUG:peewee:('SELECT table_name FROM information_schema.tables WHERE table_schema = DATABASE() AND table_type != %s ORDER BY table_name', ('VIEW',))
DEBUG:peewee:('DROP TABLE IF EXISTS `enemy`', [])
DEBUG:peewee:('SELECT table_name FROM information_schema.tables WHERE table_schema = DATABASE() AND table_type != %s ORDER BY table_name', ('VIEW',))
DEBUG:peewee:('DROP TABLE IF EXISTS `character`', [])
DEBUG:peewee:('SELECT table_name FROM information_schema.tables WHERE table_schema = DATABASE() AND table_type != %s ORDER BY table_name', ('VIEW',))
DEBUG:peewee:('DROP TABLE IF EXISTS `user`', [])
DEBUG:peewee:('SELECT table_name FROM information_schema.tables WHERE table_schema = DATABASE() AND table_type != %s ORDER BY table_name', ('VIEW',))
DEBUG:peewee:('DROP TABLE IF EXISTS `blueprints`', [])
DEBUG:peewee:('SELECT table_name FROM information_schema.tables WHERE table_schema = DATABASE() AND table_type != %s ORDER BY table_name', ('VIEW',))
DEBUG:peewee:('CREATE TABLE IF NOT EXISTS `blueprints` (`bp_id` INTEGER AUTO_INCREMENT NOT NULL PRIMARY KEY, `type` INTEGER NOT NULL, `health` INTEGER NOT NULL, `strength` INTEGER NOT NULL, `reflex` INTEGER NOT NULL, `charisma` INTEGER NOT NULL, `intelligence` INTEGER NOT NULL, `will` INTEGER NOT NULL, `armor` INTEGER NOT NULL, `min_dmg` INTEGER NOT NULL, `max_dmg` INTEGER NOT NULL, `image_path` VARCHAR(1024) NOT NULL)', [])
DEBUG:peewee:('SELECT table_name FROM information_schema.tables WHERE table_schema = DATABASE() AND table_type != %s ORDER BY table_name', ('VIEW',))
DEBUG:peewee:('CREATE TABLE IF NOT EXISTS `user` (`user_id` VARCHAR(40) NOT NULL PRIMARY KEY, `username` VARCHAR(255) NOT NULL, `password` VARCHAR(255) NOT NULL, `create_date` DATETIME NOT NULL)', [])
DEBUG:peewee:('CREATE UNIQUE INDEX `user_username` ON `user` (`username`)', [])
DEBUG:peewee:('SELECT table_name FROM information_schema.tables WHERE table_schema = DATABASE() AND table_type != %s ORDER BY table_name', ('VIEW',))
DEBUG:peewee:('CREATE TABLE IF NOT EXISTS `character` (`char_id` INTEGER AUTO_INCREMENT NOT NULL PRIMARY KEY, `char_name` VARCHAR(35) NOT NULL, `base_health` INTEGER NOT NULL, `base_strength` INTEGER NOT NULL, `base_reflex` INTEGER NOT NULL, `base_charisma` INTEGER NOT NULL, `base_intelligence` INTEGER NOT NULL, `base_will` INTEGER NOT NULL, `user_id` VARCHAR(40) NOT NULL, `image_path` VARCHAR(1024) NOT NULL, FOREIGN KEY (`user_id`) REFERENCES `user` (`user_id`))', [])
DEBUG:peewee:('CREATE UNIQUE INDEX `character_char_name` ON `character` (`char_name`)', [])
DEBUG:peewee:('CREATE INDEX `character_user_id` ON `character` (`user_id`)', [])
DEBUG:peewee:('SELECT table_name FROM information_schema.tables WHERE table_schema = DATABASE() AND table_type != %s ORDER BY table_name', ('VIEW',))
DEBUG:peewee:('CREATE TABLE IF NOT EXISTS `enemy` (`enemy_id` INTEGER AUTO_INCREMENT NOT NULL PRIMARY KEY, `name` VARCHAR(50) NOT NULL, `rarity` INTEGER NOT NULL, `health` INTEGER NOT NULL, `strength` INTEGER NOT NULL, `reflex` INTEGER NOT NULL, `charisma` INTEGER NOT NULL, `intelligence` INTEGER NOT NULL, `will` INTEGER NOT NULL, `armor` INTEGER NOT NULL, `min_dmg` INTEGER NOT NULL, `max_dmg` INTEGER NOT NULL, `image_path` VARCHAR(1024) NOT NULL)', [])
DEBUG:peewee:('SELECT table_name FROM information_schema.tables WHERE table_schema = DATABASE() AND table_type != %s ORDER BY table_name', ('VIEW',))
DEBUG:peewee:('CREATE TABLE IF NOT EXISTS `itemsingame` (`iig_id` INTEGER AUTO_INCREMENT NOT NULL PRIMARY KEY, `item_slot` INTEGER NOT NULL, `item_name` VARCHAR(45) NOT NULL, `equipped` BOOL NOT NULL, `blueprint_id` INTEGER NOT NULL, `character_id` INTEGER NOT NULL, FOREIGN KEY (`blueprint_id`) REFERENCES `blueprints` (`bp_id`), FOREIGN KEY (`character_id`) REFERENCES `character` (`char_id`))', [])
DEBUG:peewee:('CREATE INDEX `itemsingame_blueprint_id` ON `itemsingame` (`blueprint_id`)', [])
DEBUG:peewee:('CREATE INDEX `itemsingame_character_id` ON `itemsingame` (`character_id`)', [])
DEBUG:peewee:('SELECT table_name FROM information_schema.tables WHERE table_schema = DATABASE() AND table_type != %s ORDER BY table_name', ('VIEW',))
DEBUG:peewee:('CREATE TABLE IF NOT EXISTS `nonpersoncharacter` (`npc_id` INTEGER AUTO_INCREMENT NOT NULL PRIMARY KEY, `name` VARCHAR(50) NOT NULL, `healer` BOOL NOT NULL, `trader` BOOL NOT NULL, `text1` TEXT NOT NULL, `text2` TEXT NOT NULL, `text3` TEXT NOT NULL)', [])
DEBUG:peewee:('INSERT INTO `user` (`user_id`, `username`, `password`, `create_date`) VALUES (%s, %s, %s, %s)', ['041ca37de66e4d489536555c75fb4840', 'Not2hy', '5594972910e7903764d58258a3fd72d9c2d720508323f2fadeaf2043542b08f4ddd4f31c0e447dd52570c7c991af42c3cac051364d887a0f36777e93532c78b2', datetime.datetime(2019, 10, 20, 14, 9, 40, 161343)])
DEBUG:peewee:('INSERT INTO `user` (`user_id`, `username`, `password`, `create_date`) VALUES (%s, %s, %s, %s)', ['041ca37de66e4d489536555c75fb4840', 'Nn2n', '481a2c6a329e7e4bbd0092c1245f04f3e14d32b2be3dd114755bfa7099c1208eb8725d0011cce1cc79654b6a04301961b89404d84d85ade15b9d7e0691394b35', datetime.datetime(2019, 10, 20, 14, 9, 40, 161343)])
INFO:root: [2019-10-20 14:10:19.538983] Started
DEBUG:peewee:('SELECT table_name FROM information_schema.tables WHERE table_schema = DATABASE() AND table_type != %s ORDER BY table_name', ('VIEW',))
DEBUG:peewee:('DROP TABLE IF EXISTS `nonpersoncharacter`', [])
DEBUG:peewee:('SELECT table_name FROM information_schema.tables WHERE table_schema = DATABASE() AND table_type != %s ORDER BY table_name', ('VIEW',))
DEBUG:peewee:('DROP TABLE IF EXISTS `itemsingame`', [])
DEBUG:peewee:('SELECT table_name FROM information_schema.tables WHERE table_schema = DATABASE() AND table_type != %s ORDER BY table_name', ('VIEW',))
DEBUG:peewee:('DROP TABLE IF EXISTS `enemy`', [])
DEBUG:peewee:('SELECT table_name FROM information_schema.tables WHERE table_schema = DATABASE() AND table_type != %s ORDER BY table_name', ('VIEW',))
DEBUG:peewee:('DROP TABLE IF EXISTS `character`', [])
DEBUG:peewee:('SELECT table_name FROM information_schema.tables WHERE table_schema = DATABASE() AND table_type != %s ORDER BY table_name', ('VIEW',))
DEBUG:peewee:('DROP TABLE IF EXISTS `user`', [])
DEBUG:peewee:('SELECT table_name FROM information_schema.tables WHERE table_schema = DATABASE() AND table_type != %s ORDER BY table_name', ('VIEW',))
DEBUG:peewee:('DROP TABLE IF EXISTS `blueprints`', [])
DEBUG:peewee:('SELECT table_name FROM information_schema.tables WHERE table_schema = DATABASE() AND table_type != %s ORDER BY table_name', ('VIEW',))
DEBUG:peewee:('CREATE TABLE IF NOT EXISTS `blueprints` (`bp_id` INTEGER AUTO_INCREMENT NOT NULL PRIMARY KEY, `type` INTEGER NOT NULL, `health` INTEGER NOT NULL, `strength` INTEGER NOT NULL, `reflex` INTEGER NOT NULL, `charisma` INTEGER NOT NULL, `intelligence` INTEGER NOT NULL, `will` INTEGER NOT NULL, `armor` INTEGER NOT NULL, `min_dmg` INTEGER NOT NULL, `max_dmg` INTEGER NOT NULL, `image_path` VARCHAR(1024) NOT NULL)', [])
DEBUG:peewee:('SELECT table_name FROM information_schema.tables WHERE table_schema = DATABASE() AND table_type != %s ORDER BY table_name', ('VIEW',))
DEBUG:peewee:('CREATE TABLE IF NOT EXISTS `user` (`user_id` VARCHAR(40) NOT NULL PRIMARY KEY, `username` VARCHAR(255) NOT NULL, `password` VARCHAR(255) NOT NULL, `create_date` DATETIME NOT NULL)', [])
DEBUG:peewee:('CREATE UNIQUE INDEX `user_username` ON `user` (`username`)', [])
DEBUG:peewee:('SELECT table_name FROM information_schema.tables WHERE table_schema = DATABASE() AND table_type != %s ORDER BY table_name', ('VIEW',))
DEBUG:peewee:('CREATE TABLE IF NOT EXISTS `character` (`char_id` INTEGER AUTO_INCREMENT NOT NULL PRIMARY KEY, `char_name` VARCHAR(35) NOT NULL, `base_health` INTEGER NOT NULL, `base_strength` INTEGER NOT NULL, `base_reflex` INTEGER NOT NULL, `base_charisma` INTEGER NOT NULL, `base_intelligence` INTEGER NOT NULL, `base_will` INTEGER NOT NULL, `user_id` VARCHAR(40) NOT NULL, `image_path` VARCHAR(1024) NOT NULL, FOREIGN KEY (`user_id`) REFERENCES `user` (`user_id`))', [])
DEBUG:peewee:('CREATE UNIQUE INDEX `character_char_name` ON `character` (`char_name`)', [])
DEBUG:peewee:('CREATE INDEX `character_user_id` ON `character` (`user_id`)', [])
DEBUG:peewee:('SELECT table_name FROM information_schema.tables WHERE table_schema = DATABASE() AND table_type != %s ORDER BY table_name', ('VIEW',))
DEBUG:peewee:('CREATE TABLE IF NOT EXISTS `enemy` (`enemy_id` INTEGER AUTO_INCREMENT NOT NULL PRIMARY KEY, `name` VARCHAR(50) NOT NULL, `rarity` INTEGER NOT NULL, `health` INTEGER NOT NULL, `strength` INTEGER NOT NULL, `reflex` INTEGER NOT NULL, `charisma` INTEGER NOT NULL, `intelligence` INTEGER NOT NULL, `will` INTEGER NOT NULL, `armor` INTEGER NOT NULL, `min_dmg` INTEGER NOT NULL, `max_dmg` INTEGER NOT NULL, `image_path` VARCHAR(1024) NOT NULL)', [])
DEBUG:peewee:('SELECT table_name FROM information_schema.tables WHERE table_schema = DATABASE() AND table_type != %s ORDER BY table_name', ('VIEW',))
DEBUG:peewee:('CREATE TABLE IF NOT EXISTS `itemsingame` (`iig_id` INTEGER AUTO_INCREMENT NOT NULL PRIMARY KEY, `item_slot` INTEGER NOT NULL, `item_name` VARCHAR(45) NOT NULL, `equipped` BOOL NOT NULL, `blueprint_id` INTEGER NOT NULL, `character_id` INTEGER NOT NULL, FOREIGN KEY (`blueprint_id`) REFERENCES `blueprints` (`bp_id`), FOREIGN KEY (`character_id`) REFERENCES `character` (`char_id`))', [])
DEBUG:peewee:('CREATE INDEX `itemsingame_blueprint_id` ON `itemsingame` (`blueprint_id`)', [])
DEBUG:peewee:('CREATE INDEX `itemsingame_character_id` ON `itemsingame` (`character_id`)', [])
DEBUG:peewee:('SELECT table_name FROM information_schema.tables WHERE table_schema = DATABASE() AND table_type != %s ORDER BY table_name', ('VIEW',))
DEBUG:peewee:('CREATE TABLE IF NOT EXISTS `nonpersoncharacter` (`npc_id` INTEGER AUTO_INCREMENT NOT NULL PRIMARY KEY, `name` VARCHAR(50) NOT NULL, `healer` BOOL NOT NULL, `trader` BOOL NOT NULL, `text1` TEXT NOT NULL, `text2` TEXT NOT NULL, `text3` TEXT NOT NULL)', [])
DEBUG:peewee:('INSERT INTO `user` (`user_id`, `username`, `password`, `create_date`) VALUES (%s, %s, %s, %s)', ['584fec53d58842fbb6599f99f46ef26b', 'Not2hy', '8c5c61a5751a2b6eefa8efca0a0f2dd4317d38093c8898eb3a1cfb97ebb24e8051b3da630a6928da411e1e4f162570ac8ca2a0ff5137edfb32a8e95e6c77d091', datetime.datetime(2019, 10, 20, 14, 10, 19, 537276)])
DEBUG:peewee:('INSERT INTO `user` (`user_id`, `username`, `password`, `create_date`) VALUES (%s, %s, %s, %s)', ['56f111c1d54444cfa57b1cc7aa39e3af', 'Nn2n', '3923024bc14a513b614a13055a51d652265f82858d38506cd7390b5a7d59aa3adb91c1f0ddbf16ddfdd17bfc98bea6d0d369e253831986d24691a43fad328e84', datetime.datetime(2019, 10, 20, 14, 10, 19, 537276)])
INFO:root: [2019-10-20 14:10:19.768173] Finished
INFO:root: [2019-10-20 14:10:21.285348] Started
DEBUG:peewee:('SELECT table_name FROM information_schema.tables WHERE table_schema = DATABASE() AND table_type != %s ORDER BY table_name', ('VIEW',))
DEBUG:peewee:('DROP TABLE IF EXISTS `nonpersoncharacter`', [])
DEBUG:peewee:('SELECT table_name FROM information_schema.tables WHERE table_schema = DATABASE() AND table_type != %s ORDER BY table_name', ('VIEW',))
DEBUG:peewee:('DROP TABLE IF EXISTS `itemsingame`', [])
DEBUG:peewee:('SELECT table_name FROM information_schema.tables WHERE table_schema = DATABASE() AND table_type != %s ORDER BY table_name', ('VIEW',))
DEBUG:peewee:('DROP TABLE IF EXISTS `enemy`', [])
DEBUG:peewee:('SELECT table_name FROM information_schema.tables WHERE table_schema = DATABASE() AND table_type != %s ORDER BY table_name', ('VIEW',))
DEBUG:peewee:('DROP TABLE IF EXISTS `character`', [])
DEBUG:peewee:('SELECT table_name FROM information_schema.tables WHERE table_schema = DATABASE() AND table_type != %s ORDER BY table_name', ('VIEW',))
DEBUG:peewee:('DROP TABLE IF EXISTS `user`', [])
DEBUG:peewee:('SELECT table_name FROM information_schema.tables WHERE table_schema = DATABASE() AND table_type != %s ORDER BY table_name', ('VIEW',))
DEBUG:peewee:('DROP TABLE IF EXISTS `blueprints`', [])
DEBUG:peewee:('SELECT table_name FROM information_schema.tables WHERE table_schema = DATABASE() AND table_type != %s ORDER BY table_name', ('VIEW',))
DEBUG:peewee:('CREATE TABLE IF NOT EXISTS `blueprints` (`bp_id` INTEGER AUTO_INCREMENT NOT NULL PRIMARY KEY, `type` INTEGER NOT NULL, `health` INTEGER NOT NULL, `strength` INTEGER NOT NULL, `reflex` INTEGER NOT NULL, `charisma` INTEGER NOT NULL, `intelligence` INTEGER NOT NULL, `will` INTEGER NOT NULL, `armor` INTEGER NOT NULL, `min_dmg` INTEGER NOT NULL, `max_dmg` INTEGER NOT NULL, `image_path` VARCHAR(1024) NOT NULL)', [])
DEBUG:peewee:('SELECT table_name FROM information_schema.tables WHERE table_schema = DATABASE() AND table_type != %s ORDER BY table_name', ('VIEW',))
DEBUG:peewee:('CREATE TABLE IF NOT EXISTS `user` (`user_id` VARCHAR(40) NOT NULL PRIMARY KEY, `username` VARCHAR(255) NOT NULL, `password` VARCHAR(255) NOT NULL, `create_date` DATETIME NOT NULL)', [])
DEBUG:peewee:('CREATE UNIQUE INDEX `user_username` ON `user` (`username`)', [])
DEBUG:peewee:('SELECT table_name FROM information_schema.tables WHERE table_schema = DATABASE() AND table_type != %s ORDER BY table_name', ('VIEW',))
DEBUG:peewee:('CREATE TABLE IF NOT EXISTS `character` (`char_id` INTEGER AUTO_INCREMENT NOT NULL PRIMARY KEY, `char_name` VARCHAR(35) NOT NULL, `base_health` INTEGER NOT NULL, `base_strength` INTEGER NOT NULL, `base_reflex` INTEGER NOT NULL, `base_charisma` INTEGER NOT NULL, `base_intelligence` INTEGER NOT NULL, `base_will` INTEGER NOT NULL, `user_id` VARCHAR(40) NOT NULL, `image_path` VARCHAR(1024) NOT NULL, FOREIGN KEY (`user_id`) REFERENCES `user` (`user_id`))', [])
DEBUG:peewee:('CREATE UNIQUE INDEX `character_char_name` ON `character` (`char_name`)', [])
DEBUG:peewee:('CREATE INDEX `character_user_id` ON `character` (`user_id`)', [])
DEBUG:peewee:('SELECT table_name FROM information_schema.tables WHERE table_schema = DATABASE() AND table_type != %s ORDER BY table_name', ('VIEW',))
DEBUG:peewee:('CREATE TABLE IF NOT EXISTS `enemy` (`enemy_id` INTEGER AUTO_INCREMENT NOT NULL PRIMARY KEY, `name` VARCHAR(50) NOT NULL, `rarity` INTEGER NOT NULL, `health` INTEGER NOT NULL, `strength` INTEGER NOT NULL, `reflex` INTEGER NOT NULL, `charisma` INTEGER NOT NULL, `intelligence` INTEGER NOT NULL, `will` INTEGER NOT NULL, `armor` INTEGER NOT NULL, `min_dmg` INTEGER NOT NULL, `max_dmg` INTEGER NOT NULL, `image_path` VARCHAR(1024) NOT NULL)', [])
DEBUG:peewee:('SELECT table_name FROM information_schema.tables WHERE table_schema = DATABASE() AND table_type != %s ORDER BY table_name', ('VIEW',))
DEBUG:peewee:('CREATE TABLE IF NOT EXISTS `itemsingame` (`iig_id` INTEGER AUTO_INCREMENT NOT NULL PRIMARY KEY, `item_slot` INTEGER NOT NULL, `item_name` VARCHAR(45) NOT NULL, `equipped` BOOL NOT NULL, `blueprint_id` INTEGER NOT NULL, `character_id` INTEGER NOT NULL, FOREIGN KEY (`blueprint_id`) REFERENCES `blueprints` (`bp_id`), FOREIGN KEY (`character_id`) REFERENCES `character` (`char_id`))', [])
DEBUG:peewee:('CREATE INDEX `itemsingame_blueprint_id` ON `itemsingame` (`blueprint_id`)', [])
DEBUG:peewee:('CREATE INDEX `itemsingame_character_id` ON `itemsingame` (`character_id`)', [])
DEBUG:peewee:('SELECT table_name FROM information_schema.tables WHERE table_schema = DATABASE() AND table_type != %s ORDER BY table_name', ('VIEW',))
DEBUG:peewee:('CREATE TABLE IF NOT EXISTS `nonpersoncharacter` (`npc_id` INTEGER AUTO_INCREMENT NOT NULL PRIMARY KEY, `name` VARCHAR(50) NOT NULL, `healer` BOOL NOT NULL, `trader` BOOL NOT NULL, `text1` TEXT NOT NULL, `text2` TEXT NOT NULL, `text3` TEXT NOT NULL)', [])
DEBUG:peewee:('INSERT INTO `user` (`user_id`, `username`, `password`, `create_date`) VALUES (%s, %s, %s, %s)', ['d505b4e3bc314cc18cc2844413f2046c', 'Not2hy', '8de5bf1e8a171447bf3800224695553c4cf78fea20d186e69f41b20de4d2d6e0a77606c24980a23e3a69ae96ecf0bd991cb7980d95ade600c8b48c144e8382d0', datetime.datetime(2019, 10, 20, 14, 10, 21, 283469)])
DEBUG:peewee:('INSERT INTO `user` (`user_id`, `username`, `password`, `create_date`) VALUES (%s, %s, %s, %s)', ['7a674c0470584755930d74ac7a161c52', 'Nn2n', '3bc0e2c1c4f9f70a4c7841e2f24bc50057cebeef0ff0f4813da777827b174f53f88b1475bff8dcc6295de19dcbc77a13b24d66a81c5bff453d5407527cc2c594', datetime.datetime(2019, 10, 20, 14, 10, 21, 283469)])
INFO:root: [2019-10-20 14:10:21.509371] Finished
INFO:root: [2019-10-20 14:10:22.615102] Started
DEBUG:peewee:('SELECT table_name FROM information_schema.tables WHERE table_schema = DATABASE() AND table_type != %s ORDER BY table_name', ('VIEW',))
DEBUG:peewee:('DROP TABLE IF EXISTS `nonpersoncharacter`', [])
DEBUG:peewee:('SELECT table_name FROM information_schema.tables WHERE table_schema = DATABASE() AND table_type != %s ORDER BY table_name', ('VIEW',))
DEBUG:peewee:('DROP TABLE IF EXISTS `itemsingame`', [])
DEBUG:peewee:('SELECT table_name FROM information_schema.tables WHERE table_schema = DATABASE() AND table_type != %s ORDER BY table_name', ('VIEW',))
DEBUG:peewee:('DROP TABLE IF EXISTS `enemy`', [])
DEBUG:peewee:('SELECT table_name FROM information_schema.tables WHERE table_schema = DATABASE() AND table_type != %s ORDER BY table_name', ('VIEW',))
DEBUG:peewee:('DROP TABLE IF EXISTS `character`', [])
DEBUG:peewee:('SELECT table_name FROM information_schema.tables WHERE table_schema = DATABASE() AND table_type != %s ORDER BY table_name', ('VIEW',))
DEBUG:peewee:('DROP TABLE IF EXISTS `user`', [])
DEBUG:peewee:('SELECT table_name FROM information_schema.tables WHERE table_schema = DATABASE() AND table_type != %s ORDER BY table_name', ('VIEW',))
DEBUG:peewee:('DROP TABLE IF EXISTS `blueprints`', [])
DEBUG:peewee:('SELECT table_name FROM information_schema.tables WHERE table_schema = DATABASE() AND table_type != %s ORDER BY table_name', ('VIEW',))
DEBUG:peewee:('CREATE TABLE IF NOT EXISTS `blueprints` (`bp_id` INTEGER AUTO_INCREMENT NOT NULL PRIMARY KEY, `type` INTEGER NOT NULL, `health` INTEGER NOT NULL, `strength` INTEGER NOT NULL, `reflex` INTEGER NOT NULL, `charisma` INTEGER NOT NULL, `intelligence` INTEGER NOT NULL, `will` INTEGER NOT NULL, `armor` INTEGER NOT NULL, `min_dmg` INTEGER NOT NULL, `max_dmg` INTEGER NOT NULL, `image_path` VARCHAR(1024) NOT NULL)', [])
DEBUG:peewee:('SELECT table_name FROM information_schema.tables WHERE table_schema = DATABASE() AND table_type != %s ORDER BY table_name', ('VIEW',))
DEBUG:peewee:('CREATE TABLE IF NOT EXISTS `user` (`user_id` VARCHAR(40) NOT NULL PRIMARY KEY, `username` VARCHAR(255) NOT NULL, `password` VARCHAR(255) NOT NULL, `create_date` DATETIME NOT NULL)', [])
DEBUG:peewee:('CREATE UNIQUE INDEX `user_username` ON `user` (`username`)', [])
DEBUG:peewee:('SELECT table_name FROM information_schema.tables WHERE table_schema = DATABASE() AND table_type != %s ORDER BY table_name', ('VIEW',))
DEBUG:peewee:('CREATE TABLE IF NOT EXISTS `character` (`char_id` INTEGER AUTO_INCREMENT NOT NULL PRIMARY KEY, `char_name` VARCHAR(35) NOT NULL, `base_health` INTEGER NOT NULL, `base_strength` INTEGER NOT NULL, `base_reflex` INTEGER NOT NULL, `base_charisma` INTEGER NOT NULL, `base_intelligence` INTEGER NOT NULL, `base_will` INTEGER NOT NULL, `user_id` VARCHAR(40) NOT NULL, `image_path` VARCHAR(1024) NOT NULL, FOREIGN KEY (`user_id`) REFERENCES `user` (`user_id`))', [])
DEBUG:peewee:('CREATE UNIQUE INDEX `character_char_name` ON `character` (`char_name`)', [])
DEBUG:peewee:('CREATE INDEX `character_user_id` ON `character` (`user_id`)', [])
DEBUG:peewee:('SELECT table_name FROM information_schema.tables WHERE table_schema = DATABASE() AND table_type != %s ORDER BY table_name', ('VIEW',))
DEBUG:peewee:('CREATE TABLE IF NOT EXISTS `enemy` (`enemy_id` INTEGER AUTO_INCREMENT NOT NULL PRIMARY KEY, `name` VARCHAR(50) NOT NULL, `rarity` INTEGER NOT NULL, `health` INTEGER NOT NULL, `strength` INTEGER NOT NULL, `reflex` INTEGER NOT NULL, `charisma` INTEGER NOT NULL, `intelligence` INTEGER NOT NULL, `will` INTEGER NOT NULL, `armor` INTEGER NOT NULL, `min_dmg` INTEGER NOT NULL, `max_dmg` INTEGER NOT NULL, `image_path` VARCHAR(1024) NOT NULL)', [])
DEBUG:peewee:('SELECT table_name FROM information_schema.tables WHERE table_schema = DATABASE() AND table_type != %s ORDER BY table_name', ('VIEW',))
DEBUG:peewee:('CREATE TABLE IF NOT EXISTS `itemsingame` (`iig_id` INTEGER AUTO_INCREMENT NOT NULL PRIMARY KEY, `item_slot` INTEGER NOT NULL, `item_name` VARCHAR(45) NOT NULL, `equipped` BOOL NOT NULL, `blueprint_id` INTEGER NOT NULL, `character_id` INTEGER NOT NULL, FOREIGN KEY (`blueprint_id`) REFERENCES `blueprints` (`bp_id`), FOREIGN KEY (`character_id`) REFERENCES `character` (`char_id`))', [])
DEBUG:peewee:('CREATE INDEX `itemsingame_blueprint_id` ON `itemsingame` (`blueprint_id`)', [])
DEBUG:peewee:('CREATE INDEX `itemsingame_character_id` ON `itemsingame` (`character_id`)', [])
DEBUG:peewee:('SELECT table_name FROM information_schema.tables WHERE table_schema = DATABASE() AND table_type != %s ORDER BY table_name', ('VIEW',))
DEBUG:peewee:('CREATE TABLE IF NOT EXISTS `nonpersoncharacter` (`npc_id` INTEGER AUTO_INCREMENT NOT NULL PRIMARY KEY, `name` VARCHAR(50) NOT NULL, `healer` BOOL NOT NULL, `trader` BOOL NOT NULL, `text1` TEXT NOT NULL, `text2` TEXT NOT NULL, `text3` TEXT NOT NULL)', [])
DEBUG:peewee:('INSERT INTO `user` (`user_id`, `username`, `password`, `create_date`) VALUES (%s, %s, %s, %s)', ['c02aa630521b475c94f65d13134a41fa', 'Not2hy', 'fb6d0adece307ef524348786e59bb64f67e8c3dd50a93230b73be39e2de6d4902fc421c7aa131993410480457308a42c88f9b808e69d5b6a9576984c5039d54d', datetime.datetime(2019, 10, 20, 14, 10, 22, 613110)])
DEBUG:peewee:('INSERT INTO `user` (`user_id`, `username`, `password`, `create_date`) VALUES (%s, %s, %s, %s)', ['e5c50e63dd9043a39b8f71c5d7ab8c18', 'Nn2n', '3da4dd69a2f124d6b9fbc34d323e80974385a46eea97722e732b6f06f17dc124249fd5dc5655d4eefdacfe3b22bbf44ce99bd8993cb45fdcdc50033183968e17', datetime.datetime(2019, 10, 20, 14, 10, 22, 613110)])
INFO:root: [2019-10-20 14:10:22.844108] Finished
INFO:root: [2019-10-20 14:35:32.348284] Started
DEBUG:peewee:('SELECT table_name FROM information_schema.tables WHERE table_schema = DATABASE() AND table_type != %s ORDER BY table_name', ('VIEW',))
DEBUG:peewee:('DROP TABLE IF EXISTS `nonpersoncharacter`', [])
DEBUG:peewee:('SELECT table_name FROM information_schema.tables WHERE table_schema = DATABASE() AND table_type != %s ORDER BY table_name', ('VIEW',))
DEBUG:peewee:('DROP TABLE IF EXISTS `itemsingame`', [])
DEBUG:peewee:('SELECT table_name FROM information_schema.tables WHERE table_schema = DATABASE() AND table_type != %s ORDER BY table_name', ('VIEW',))
DEBUG:peewee:('DROP TABLE IF EXISTS `enemy`', [])
DEBUG:peewee:('SELECT table_name FROM information_schema.tables WHERE table_schema = DATABASE() AND table_type != %s ORDER BY table_name', ('VIEW',))
DEBUG:peewee:('DROP TABLE IF EXISTS `character`', [])
DEBUG:peewee:('SELECT table_name FROM information_schema.tables WHERE table_schema = DATABASE() AND table_type != %s ORDER BY table_name', ('VIEW',))
DEBUG:peewee:('DROP TABLE IF EXISTS `user`', [])
DEBUG:peewee:('SELECT table_name FROM information_schema.tables WHERE table_schema = DATABASE() AND table_type != %s ORDER BY table_name', ('VIEW',))
DEBUG:peewee:('DROP TABLE IF EXISTS `blueprints`', [])
DEBUG:peewee:('SELECT table_name FROM information_schema.tables WHERE table_schema = DATABASE() AND table_type != %s ORDER BY table_name', ('VIEW',))
DEBUG:peewee:('CREATE TABLE IF NOT EXISTS `blueprints` (`bp_id` INTEGER AUTO_INCREMENT NOT NULL PRIMARY KEY, `type` INTEGER NOT NULL, `health` INTEGER NOT NULL, `strength` INTEGER NOT NULL, `reflex` INTEGER NOT NULL, `charisma` INTEGER NOT NULL, `intelligence` INTEGER NOT NULL, `will` INTEGER NOT NULL, `armor` INTEGER NOT NULL, `min_dmg` INTEGER NOT NULL, `max_dmg` INTEGER NOT NULL, `image_path` VARCHAR(1024) NOT NULL)', [])
DEBUG:peewee:('SELECT table_name FROM information_schema.tables WHERE table_schema = DATABASE() AND table_type != %s ORDER BY table_name', ('VIEW',))
DEBUG:peewee:('CREATE TABLE IF NOT EXISTS `user` (`user_id` VARCHAR(40) NOT NULL PRIMARY KEY, `username` VARCHAR(255) NOT NULL, `password` VARCHAR(255) NOT NULL, `create_date` DATETIME NOT NULL)', [])
DEBUG:peewee:('CREATE UNIQUE INDEX `user_username` ON `user` (`username`)', [])
DEBUG:peewee:('SELECT table_name FROM information_schema.tables WHERE table_schema = DATABASE() AND table_type != %s ORDER BY table_name', ('VIEW',))
DEBUG:peewee:('CREATE TABLE IF NOT EXISTS `character` (`char_id` INTEGER AUTO_INCREMENT NOT NULL PRIMARY KEY, `char_name` VARCHAR(35) NOT NULL, `base_health` INTEGER NOT NULL, `base_strength` INTEGER NOT NULL, `base_reflex` INTEGER NOT NULL, `base_charisma` INTEGER NOT NULL, `base_intelligence` INTEGER NOT NULL, `base_will` INTEGER NOT NULL, `user_id` VARCHAR(40) NOT NULL, `image_path` VARCHAR(1024) NOT NULL, FOREIGN KEY (`user_id`) REFERENCES `user` (`user_id`))', [])
DEBUG:peewee:('CREATE UNIQUE INDEX `character_char_name` ON `character` (`char_name`)', [])
DEBUG:peewee:('CREATE INDEX `character_user_id` ON `character` (`user_id`)', [])
DEBUG:peewee:('SELECT table_name FROM information_schema.tables WHERE table_schema = DATABASE() AND table_type != %s ORDER BY table_name', ('VIEW',))
DEBUG:peewee:('CREATE TABLE IF NOT EXISTS `enemy` (`enemy_id` INTEGER AUTO_INCREMENT NOT NULL PRIMARY KEY, `name` VARCHAR(50) NOT NULL, `rarity` INTEGER NOT NULL, `health` INTEGER NOT NULL, `strength` INTEGER NOT NULL, `reflex` INTEGER NOT NULL, `charisma` INTEGER NOT NULL, `intelligence` INTEGER NOT NULL, `will` INTEGER NOT NULL, `armor` INTEGER NOT NULL, `min_dmg` INTEGER NOT NULL, `max_dmg` INTEGER NOT NULL, `image_path` VARCHAR(1024) NOT NULL)', [])
DEBUG:peewee:('SELECT table_name FROM information_schema.tables WHERE table_schema = DATABASE() AND table_type != %s ORDER BY table_name', ('VIEW',))
DEBUG:peewee:('CREATE TABLE IF NOT EXISTS `itemsingame` (`iig_id` INTEGER AUTO_INCREMENT NOT NULL PRIMARY KEY, `item_slot` INTEGER NOT NULL, `item_name` VARCHAR(45) NOT NULL, `equipped` BOOL NOT NULL, `blueprint_id` INTEGER NOT NULL, `character_id` INTEGER NOT NULL, FOREIGN KEY (`blueprint_id`) REFERENCES `blueprints` (`bp_id`), FOREIGN KEY (`character_id`) REFERENCES `character` (`char_id`))', [])
DEBUG:peewee:('CREATE INDEX `itemsingame_blueprint_id` ON `itemsingame` (`blueprint_id`)', [])
DEBUG:peewee:('CREATE INDEX `itemsingame_character_id` ON `itemsingame` (`character_id`)', [])
DEBUG:peewee:('SELECT table_name FROM information_schema.tables WHERE table_schema = DATABASE() AND table_type != %s ORDER BY table_name', ('VIEW',))
DEBUG:peewee:('CREATE TABLE IF NOT EXISTS `nonpersoncharacter` (`npc_id` INTEGER AUTO_INCREMENT NOT NULL PRIMARY KEY, `name` VARCHAR(50) NOT NULL, `healer` BOOL NOT NULL, `trader` BOOL NOT NULL, `text1` TEXT NOT NULL, `text2` TEXT NOT NULL, `text3` TEXT NOT NULL)', [])
DEBUG:peewee:('INSERT INTO `user` (`user_id`, `username`, `password`, `create_date`) VALUES (%s, %s, %s, %s)', ['22dfb62f26fc4158b9284189dd009d62', 'Not2hy', '073829e7506ae78e29f7e88c04a3805c456d350e3953938c926c374b1b82c9e873545cfb44f2bc854ca81159515c258f682f7f7722221186be641f31fc6c5e7d', datetime.datetime(2019, 10, 20, 14, 35, 32, 346565)])
DEBUG:peewee:('INSERT INTO `user` (`user_id`, `username`, `password`, `create_date`) VALUES (%s, %s, %s, %s)', ['f0f76220199a4b4f89d61e706df24d8f', 'Nn2n', 'b5e556c18a21f8ec582dfaad08b804e2c54d78ee3a4e11072af0f7c598c7c0b39331d3144d4d0cf1fc85e09ca0eee020509319efbd454b7220a58fe5ac1356df', datetime.datetime(2019, 10, 20, 14, 35, 32, 346565)])
INFO:root: [2019-10-20 14:35:32.573967] Finished
INFO:root: [2019-10-20 14:35:53.312640] Started
DEBUG:peewee:('SELECT table_name FROM information_schema.tables WHERE table_schema = DATABASE() AND table_type != %s ORDER BY table_name', ('VIEW',))
DEBUG:peewee:('DROP TABLE IF EXISTS `nonpersoncharacter`', [])
DEBUG:peewee:('SELECT table_name FROM information_schema.tables WHERE table_schema = DATABASE() AND table_type != %s ORDER BY table_name', ('VIEW',))
DEBUG:peewee:('DROP TABLE IF EXISTS `itemsingame`', [])
DEBUG:peewee:('SELECT table_name FROM information_schema.tables WHERE table_schema = DATABASE() AND table_type != %s ORDER BY table_name', ('VIEW',))
DEBUG:peewee:('DROP TABLE IF EXISTS `enemy`', [])
DEBUG:peewee:('SELECT table_name FROM information_schema.tables WHERE table_schema = DATABASE() AND table_type != %s ORDER BY table_name', ('VIEW',))
DEBUG:peewee:('DROP TABLE IF EXISTS `character`', [])
DEBUG:peewee:('SELECT table_name FROM information_schema.tables WHERE table_schema = DATABASE() AND table_type != %s ORDER BY table_name', ('VIEW',))
DEBUG:peewee:('DROP TABLE IF EXISTS `user`', [])
DEBUG:peewee:('SELECT table_name FROM information_schema.tables WHERE table_schema = DATABASE() AND table_type != %s ORDER BY table_name', ('VIEW',))
DEBUG:peewee:('DROP TABLE IF EXISTS `blueprints`', [])
DEBUG:peewee:('SELECT table_name FROM information_schema.tables WHERE table_schema = DATABASE() AND table_type != %s ORDER BY table_name', ('VIEW',))
DEBUG:peewee:('CREATE TABLE IF NOT EXISTS `blueprints` (`bp_id` INTEGER AUTO_INCREMENT NOT NULL PRIMARY KEY, `type` INTEGER NOT NULL, `health` INTEGER NOT NULL, `strength` INTEGER NOT NULL, `reflex` INTEGER NOT NULL, `charisma` INTEGER NOT NULL, `intelligence` INTEGER NOT NULL, `will` INTEGER NOT NULL, `armor` INTEGER NOT NULL, `min_dmg` INTEGER NOT NULL, `max_dmg` INTEGER NOT NULL, `image_path` VARCHAR(1024) NOT NULL)', [])
DEBUG:peewee:('SELECT table_name FROM information_schema.tables WHERE table_schema = DATABASE() AND table_type != %s ORDER BY table_name', ('VIEW',))
DEBUG:peewee:('CREATE TABLE IF NOT EXISTS `user` (`user_id` VARCHAR(40) NOT NULL PRIMARY KEY, `username` VARCHAR(255) NOT NULL, `password` VARCHAR(255) NOT NULL, `create_date` DATETIME NOT NULL)', [])
DEBUG:peewee:('CREATE UNIQUE INDEX `user_username` ON `user` (`username`)', [])
DEBUG:peewee:('SELECT table_name FROM information_schema.tables WHERE table_schema = DATABASE() AND table_type != %s ORDER BY table_name', ('VIEW',))
DEBUG:peewee:('CREATE TABLE IF NOT EXISTS `character` (`char_id` INTEGER NOT NULL PRIMARY KEY, `char_name` VARCHAR(35) NOT NULL, `base_health` INTEGER NOT NULL, `base_strength` INTEGER NOT NULL, `base_reflex` INTEGER NOT NULL, `base_charisma` INTEGER NOT NULL, `base_intelligence` INTEGER NOT NULL, `base_will` INTEGER NOT NULL, `user_id` VARCHAR(40) NOT NULL, `image_path` VARCHAR(1024) NOT NULL, FOREIGN KEY (`user_id`) REFERENCES `user` (`user_id`))', [])
DEBUG:peewee:('CREATE UNIQUE INDEX `character_char_name` ON `character` (`char_name`)', [])
DEBUG:peewee:('CREATE INDEX `character_user_id` ON `character` (`user_id`)', [])
DEBUG:peewee:('SELECT table_name FROM information_schema.tables WHERE table_schema = DATABASE() AND table_type != %s ORDER BY table_name', ('VIEW',))
DEBUG:peewee:('CREATE TABLE IF NOT EXISTS `enemy` (`enemy_id` INTEGER AUTO_INCREMENT NOT NULL PRIMARY KEY, `name` VARCHAR(50) NOT NULL, `rarity` INTEGER NOT NULL, `health` INTEGER NOT NULL, `strength` INTEGER NOT NULL, `reflex` INTEGER NOT NULL, `charisma` INTEGER NOT NULL, `intelligence` INTEGER NOT NULL, `will` INTEGER NOT NULL, `armor` INTEGER NOT NULL, `min_dmg` INTEGER NOT NULL, `max_dmg` INTEGER NOT NULL, `image_path` VARCHAR(1024) NOT NULL)', [])
DEBUG:peewee:('SELECT table_name FROM information_schema.tables WHERE table_schema = DATABASE() AND table_type != %s ORDER BY table_name', ('VIEW',))
DEBUG:peewee:('CREATE TABLE IF NOT EXISTS `itemsingame` (`iig_id` INTEGER AUTO_INCREMENT NOT NULL PRIMARY KEY, `item_slot` INTEGER NOT NULL, `item_name` VARCHAR(45) NOT NULL, `equipped` BOOL NOT NULL, `blueprint_id` INTEGER NOT NULL, `character_id` INTEGER NOT NULL, FOREIGN KEY (`blueprint_id`) REFERENCES `blueprints` (`bp_id`), FOREIGN KEY (`character_id`) REFERENCES `character` (`char_id`))', [])
DEBUG:peewee:('CREATE INDEX `itemsingame_blueprint_id` ON `itemsingame` (`blueprint_id`)', [])
DEBUG:peewee:('CREATE INDEX `itemsingame_character_id` ON `itemsingame` (`character_id`)', [])
DEBUG:peewee:('SELECT table_name FROM information_schema.tables WHERE table_schema = DATABASE() AND table_type != %s ORDER BY table_name', ('VIEW',))
DEBUG:peewee:('CREATE TABLE IF NOT EXISTS `nonpersoncharacter` (`npc_id` INTEGER AUTO_INCREMENT NOT NULL PRIMARY KEY, `name` VARCHAR(50) NOT NULL, `healer` BOOL NOT NULL, `trader` BOOL NOT NULL, `text1` TEXT NOT NULL, `text2` TEXT NOT NULL, `text3` TEXT NOT NULL)', [])
DEBUG:peewee:('INSERT INTO `user` (`user_id`, `username`, `password`, `create_date`) VALUES (%s, %s, %s, %s)', ['5127ee0227944d0f9b0a5785ebd0e185', 'Not2hy', 'c06dcdeef93bf7536e9e744c9b79df94106e3ebf4b530335e02f8cbb50078972e7487f111383bda9703914b0dcd5b6d7bf187fd7a146d46739118f3dfef383b4', datetime.datetime(2019, 10, 20, 14, 35, 53, 310861)])
DEBUG:peewee:('INSERT INTO `user` (`user_id`, `username`, `password`, `create_date`) VALUES (%s, %s, %s, %s)', ['dcb29448c43c444bb31d38ca3b047414', 'Nn2n', 'b5ae963d0e71145fae4a824e8ead01b68b459df94643f30f09c9ec1e7e6afaca539992dbe4dd58e4364904945e427557fd2fc48830394a0ac71666ff07ab33d4', datetime.datetime(2019, 10, 20, 14, 35, 53, 310861)])
INFO:root: [2019-10-20 14:35:53.545418] Finished
